[2025-06-09T10:10:36.221+0000] {local_task_job_runner.py:120} INFO - ::group::Pre task execution logs
[2025-06-09T10:10:36.265+0000] {taskinstance.py:2076} INFO - Dependencies all met for dep_context=non-requeueable deps ti=<TaskInstance: NetSuite_Daily_ToWarehouse_F99.Download_And_Upsert_F99 manual__2025-06-09T10:10:34.253276+00:00 [queued]>
[2025-06-09T10:10:36.274+0000] {taskinstance.py:2076} INFO - Dependencies all met for dep_context=requeueable deps ti=<TaskInstance: NetSuite_Daily_ToWarehouse_F99.Download_And_Upsert_F99 manual__2025-06-09T10:10:34.253276+00:00 [queued]>
[2025-06-09T10:10:36.275+0000] {taskinstance.py:2306} INFO - Starting attempt 1 of 1
[2025-06-09T10:10:36.295+0000] {taskinstance.py:2330} INFO - Executing <Task(PythonOperator): Download_And_Upsert_F99> on 2025-06-09 10:10:34.253276+00:00
[2025-06-09T10:10:36.301+0000] {standard_task_runner.py:63} INFO - Started process 73 to run task
[2025-06-09T10:10:36.304+0000] {standard_task_runner.py:90} INFO - Running: ['***', 'tasks', 'run', 'NetSuite_Daily_ToWarehouse_F99', 'Download_And_Upsert_F99', 'manual__2025-06-09T10:10:34.253276+00:00', '--job-id', '393', '--raw', '--subdir', 'DAGS_FOLDER/dag_netsuite.py', '--cfg-path', '/tmp/tmpn_qs9t5f']
[2025-06-09T10:10:36.311+0000] {standard_task_runner.py:91} INFO - Job 393: Subtask Download_And_Upsert_F99
[2025-06-09T10:10:36.370+0000] {task_command.py:426} INFO - Running <TaskInstance: NetSuite_Daily_ToWarehouse_F99.Download_And_Upsert_F99 manual__2025-06-09T10:10:34.253276+00:00 [running]> on host 87d36d91b2b5
[2025-06-09T10:10:36.483+0000] {taskinstance.py:2648} INFO - Exporting env vars: AIRFLOW_CTX_DAG_OWNER='***' AIRFLOW_CTX_DAG_ID='NetSuite_Daily_ToWarehouse_F99' AIRFLOW_CTX_TASK_ID='Download_And_Upsert_F99' AIRFLOW_CTX_EXECUTION_DATE='2025-06-09T10:10:34.253276+00:00' AIRFLOW_CTX_TRY_NUMBER='1' AIRFLOW_CTX_DAG_RUN_ID='manual__2025-06-09T10:10:34.253276+00:00'
[2025-06-09T10:10:36.485+0000] {taskinstance.py:430} INFO - ::endgroup::
[2025-06-09T10:11:08.716+0000] {logging_mixin.py:188} INFO - [F99] Preview nội dung: Type,Period,Date,Document Number,Status,Người đề nghị thanh toán,Tara - Approver LV 1,Tara - Approver LV 2,Tara - DNTT Approval Status,TARA - Approval Status,KMP,Memo,Tara _Document_Link,Transaction Type Detail
Invoice,Dec 2021,31/12/2021,OB21-INV-0042,Paid In Full,,,,,,"6408000 - Các khoản chiết khấu, hỗ trợ trên TOT",Opening Balance Mar 2022,,
Invoice,Dec 2021,31/12/2021,OB21-INV-0053,Paid In Full,,,,,,"6408000 - Các khoản chiết khấu, hỗ trợ trên TOT",Opening Balance Mar 2022,,
Invoice,Dec 202
[2025-06-09T10:11:10.113+0000] {logging_mixin.py:188} INFO - [F99] Số dòng sau khi lọc từ 01/01/2024: 186718
[2025-06-09T10:11:26.257+0000] {logging_mixin.py:188} INFO - [Datalake] Ghi thành công 186718 dòng vào "NetSuite"."F99_CustomSearch_4532"
[2025-06-09T10:11:26.303+0000] {python.py:237} INFO - Done. Returned value was: None
[2025-06-09T10:11:26.304+0000] {taskinstance.py:441} INFO - ::group::Post task execution logs
[2025-06-09T10:11:26.314+0000] {taskinstance.py:1206} INFO - Marking task as SUCCESS. dag_id=NetSuite_Daily_ToWarehouse_F99, task_id=Download_And_Upsert_F99, run_id=manual__2025-06-09T10:10:34.253276+00:00, execution_date=20250609T101034, start_date=20250609T101036, end_date=20250609T101126
[2025-06-09T10:11:26.378+0000] {local_task_job_runner.py:240} INFO - Task exited with return code 0
[2025-06-09T10:11:26.400+0000] {taskinstance.py:3498} INFO - 1 downstream tasks scheduled from follow-on schedule check
[2025-06-09T10:11:26.403+0000] {local_task_job_runner.py:222} INFO - ::endgroup::
