[2025-06-05T11:15:52.375+0000] {processor.py:161} INFO - Started process (PID=9) to work on /opt/airflow/dags/dag_2datalake_from_crawl_dmcl.py
[2025-06-05T11:15:52.384+0000] {processor.py:830} INFO - Processing file /opt/airflow/dags/dag_2datalake_from_crawl_dmcl.py for tasks to queue
[2025-06-05T11:15:52.405+0000] {logging_mixin.py:188} INFO - [2025-06-05T11:15:52.403+0000] {dagbag.py:545} INFO - Filling up the DagBag from /opt/airflow/dags/dag_2datalake_from_crawl_dmcl.py
[2025-06-05T11:15:54.684+0000] {processor.py:840} INFO - DAG(s) 'upload_to_datalake_dag' retrieved from /opt/airflow/dags/dag_2datalake_from_crawl_dmcl.py
[2025-06-05T11:15:54.755+0000] {logging_mixin.py:188} INFO - [2025-06-05T11:15:54.754+0000] {dag.py:3096} INFO - Sync 1 DAGs
[2025-06-05T11:15:54.805+0000] {logging_mixin.py:188} INFO - [2025-06-05T11:15:54.805+0000] {dag.py:3954} INFO - Setting next_dagrun for upload_to_datalake_dag to None, run_after=None
[2025-06-05T11:15:54.869+0000] {processor.py:183} INFO - Processing /opt/airflow/dags/dag_2datalake_from_crawl_dmcl.py took 2.555 seconds
[2025-06-05T11:16:25.076+0000] {processor.py:161} INFO - Started process (PID=27) to work on /opt/airflow/dags/dag_2datalake_from_crawl_dmcl.py
[2025-06-05T11:16:25.078+0000] {processor.py:830} INFO - Processing file /opt/airflow/dags/dag_2datalake_from_crawl_dmcl.py for tasks to queue
[2025-06-05T11:16:25.082+0000] {logging_mixin.py:188} INFO - [2025-06-05T11:16:25.081+0000] {dagbag.py:545} INFO - Filling up the DagBag from /opt/airflow/dags/dag_2datalake_from_crawl_dmcl.py
[2025-06-05T11:16:26.679+0000] {processor.py:840} INFO - DAG(s) 'upload_to_datalake_dag' retrieved from /opt/airflow/dags/dag_2datalake_from_crawl_dmcl.py
[2025-06-05T11:16:27.458+0000] {logging_mixin.py:188} INFO - [2025-06-05T11:16:27.457+0000] {dag.py:3096} INFO - Sync 1 DAGs
[2025-06-05T11:16:27.486+0000] {logging_mixin.py:188} INFO - [2025-06-05T11:16:27.481+0000] {dag.py:3954} INFO - Setting next_dagrun for upload_to_datalake_dag to None, run_after=None
[2025-06-05T11:16:27.577+0000] {processor.py:183} INFO - Processing /opt/airflow/dags/dag_2datalake_from_crawl_dmcl.py took 2.508 seconds
[2025-06-05T11:16:58.067+0000] {processor.py:161} INFO - Started process (PID=45) to work on /opt/airflow/dags/dag_2datalake_from_crawl_dmcl.py
[2025-06-05T11:16:58.068+0000] {processor.py:830} INFO - Processing file /opt/airflow/dags/dag_2datalake_from_crawl_dmcl.py for tasks to queue
[2025-06-05T11:16:58.070+0000] {logging_mixin.py:188} INFO - [2025-06-05T11:16:58.069+0000] {dagbag.py:545} INFO - Filling up the DagBag from /opt/airflow/dags/dag_2datalake_from_crawl_dmcl.py
[2025-06-05T11:16:58.734+0000] {processor.py:840} INFO - DAG(s) 'upload_to_datalake_dag' retrieved from /opt/airflow/dags/dag_2datalake_from_crawl_dmcl.py
[2025-06-05T11:16:58.757+0000] {logging_mixin.py:188} INFO - [2025-06-05T11:16:58.757+0000] {dag.py:3096} INFO - Sync 1 DAGs
[2025-06-05T11:16:58.767+0000] {logging_mixin.py:188} INFO - [2025-06-05T11:16:58.767+0000] {dag.py:3954} INFO - Setting next_dagrun for upload_to_datalake_dag to None, run_after=None
[2025-06-05T11:16:58.787+0000] {processor.py:183} INFO - Processing /opt/airflow/dags/dag_2datalake_from_crawl_dmcl.py took 0.731 seconds
[2025-06-05T11:17:29.122+0000] {processor.py:161} INFO - Started process (PID=63) to work on /opt/airflow/dags/dag_2datalake_from_crawl_dmcl.py
[2025-06-05T11:17:29.123+0000] {processor.py:830} INFO - Processing file /opt/airflow/dags/dag_2datalake_from_crawl_dmcl.py for tasks to queue
[2025-06-05T11:17:29.125+0000] {logging_mixin.py:188} INFO - [2025-06-05T11:17:29.125+0000] {dagbag.py:545} INFO - Filling up the DagBag from /opt/airflow/dags/dag_2datalake_from_crawl_dmcl.py
[2025-06-05T11:17:29.703+0000] {processor.py:840} INFO - DAG(s) 'upload_to_datalake_dag' retrieved from /opt/airflow/dags/dag_2datalake_from_crawl_dmcl.py
[2025-06-05T11:17:29.729+0000] {logging_mixin.py:188} INFO - [2025-06-05T11:17:29.728+0000] {dag.py:3096} INFO - Sync 1 DAGs
[2025-06-05T11:17:29.740+0000] {logging_mixin.py:188} INFO - [2025-06-05T11:17:29.740+0000] {dag.py:3954} INFO - Setting next_dagrun for upload_to_datalake_dag to None, run_after=None
[2025-06-05T11:17:29.758+0000] {processor.py:183} INFO - Processing /opt/airflow/dags/dag_2datalake_from_crawl_dmcl.py took 0.647 seconds
[2025-06-05T11:17:59.865+0000] {processor.py:161} INFO - Started process (PID=81) to work on /opt/airflow/dags/dag_2datalake_from_crawl_dmcl.py
[2025-06-05T11:17:59.866+0000] {processor.py:830} INFO - Processing file /opt/airflow/dags/dag_2datalake_from_crawl_dmcl.py for tasks to queue
[2025-06-05T11:17:59.868+0000] {logging_mixin.py:188} INFO - [2025-06-05T11:17:59.868+0000] {dagbag.py:545} INFO - Filling up the DagBag from /opt/airflow/dags/dag_2datalake_from_crawl_dmcl.py
[2025-06-05T11:18:00.324+0000] {processor.py:840} INFO - DAG(s) 'upload_to_datalake_dag' retrieved from /opt/airflow/dags/dag_2datalake_from_crawl_dmcl.py
[2025-06-05T11:18:00.349+0000] {logging_mixin.py:188} INFO - [2025-06-05T11:18:00.349+0000] {dag.py:3096} INFO - Sync 1 DAGs
[2025-06-05T11:18:00.361+0000] {logging_mixin.py:188} INFO - [2025-06-05T11:18:00.361+0000] {dag.py:3954} INFO - Setting next_dagrun for upload_to_datalake_dag to None, run_after=None
[2025-06-05T11:18:00.381+0000] {processor.py:183} INFO - Processing /opt/airflow/dags/dag_2datalake_from_crawl_dmcl.py took 0.525 seconds
[2025-06-05T11:18:30.556+0000] {processor.py:161} INFO - Started process (PID=99) to work on /opt/airflow/dags/dag_2datalake_from_crawl_dmcl.py
[2025-06-05T11:18:30.557+0000] {processor.py:830} INFO - Processing file /opt/airflow/dags/dag_2datalake_from_crawl_dmcl.py for tasks to queue
[2025-06-05T11:18:30.559+0000] {logging_mixin.py:188} INFO - [2025-06-05T11:18:30.558+0000] {dagbag.py:545} INFO - Filling up the DagBag from /opt/airflow/dags/dag_2datalake_from_crawl_dmcl.py
[2025-06-05T11:18:31.118+0000] {processor.py:840} INFO - DAG(s) 'upload_to_datalake_dag' retrieved from /opt/airflow/dags/dag_2datalake_from_crawl_dmcl.py
[2025-06-05T11:18:31.152+0000] {logging_mixin.py:188} INFO - [2025-06-05T11:18:31.152+0000] {dag.py:3096} INFO - Sync 1 DAGs
[2025-06-05T11:18:31.168+0000] {logging_mixin.py:188} INFO - [2025-06-05T11:18:31.168+0000] {dag.py:3954} INFO - Setting next_dagrun for upload_to_datalake_dag to None, run_after=None
[2025-06-05T11:18:31.192+0000] {processor.py:183} INFO - Processing /opt/airflow/dags/dag_2datalake_from_crawl_dmcl.py took 0.645 seconds
[2025-06-05T11:19:01.350+0000] {processor.py:161} INFO - Started process (PID=118) to work on /opt/airflow/dags/dag_2datalake_from_crawl_dmcl.py
[2025-06-05T11:19:01.351+0000] {processor.py:830} INFO - Processing file /opt/airflow/dags/dag_2datalake_from_crawl_dmcl.py for tasks to queue
[2025-06-05T11:19:01.353+0000] {logging_mixin.py:188} INFO - [2025-06-05T11:19:01.353+0000] {dagbag.py:545} INFO - Filling up the DagBag from /opt/airflow/dags/dag_2datalake_from_crawl_dmcl.py
[2025-06-05T11:19:01.846+0000] {processor.py:840} INFO - DAG(s) 'upload_to_datalake_dag' retrieved from /opt/airflow/dags/dag_2datalake_from_crawl_dmcl.py
[2025-06-05T11:19:01.876+0000] {logging_mixin.py:188} INFO - [2025-06-05T11:19:01.875+0000] {dag.py:3096} INFO - Sync 1 DAGs
[2025-06-05T11:19:01.888+0000] {logging_mixin.py:188} INFO - [2025-06-05T11:19:01.888+0000] {dag.py:3954} INFO - Setting next_dagrun for upload_to_datalake_dag to None, run_after=None
[2025-06-05T11:19:01.909+0000] {processor.py:183} INFO - Processing /opt/airflow/dags/dag_2datalake_from_crawl_dmcl.py took 0.567 seconds
[2025-06-05T11:19:31.962+0000] {processor.py:161} INFO - Started process (PID=136) to work on /opt/airflow/dags/dag_2datalake_from_crawl_dmcl.py
[2025-06-05T11:19:31.963+0000] {processor.py:830} INFO - Processing file /opt/airflow/dags/dag_2datalake_from_crawl_dmcl.py for tasks to queue
[2025-06-05T11:19:31.965+0000] {logging_mixin.py:188} INFO - [2025-06-05T11:19:31.964+0000] {dagbag.py:545} INFO - Filling up the DagBag from /opt/airflow/dags/dag_2datalake_from_crawl_dmcl.py
[2025-06-05T11:19:32.449+0000] {processor.py:840} INFO - DAG(s) 'upload_to_datalake_dag' retrieved from /opt/airflow/dags/dag_2datalake_from_crawl_dmcl.py
[2025-06-05T11:19:32.475+0000] {logging_mixin.py:188} INFO - [2025-06-05T11:19:32.475+0000] {dag.py:3096} INFO - Sync 1 DAGs
[2025-06-05T11:19:32.488+0000] {logging_mixin.py:188} INFO - [2025-06-05T11:19:32.488+0000] {dag.py:3954} INFO - Setting next_dagrun for upload_to_datalake_dag to None, run_after=None
[2025-06-05T11:19:32.507+0000] {processor.py:183} INFO - Processing /opt/airflow/dags/dag_2datalake_from_crawl_dmcl.py took 0.553 seconds
[2025-06-05T11:20:03.107+0000] {processor.py:161} INFO - Started process (PID=153) to work on /opt/airflow/dags/dag_2datalake_from_crawl_dmcl.py
[2025-06-05T11:20:03.109+0000] {processor.py:830} INFO - Processing file /opt/airflow/dags/dag_2datalake_from_crawl_dmcl.py for tasks to queue
[2025-06-05T11:20:03.110+0000] {logging_mixin.py:188} INFO - [2025-06-05T11:20:03.110+0000] {dagbag.py:545} INFO - Filling up the DagBag from /opt/airflow/dags/dag_2datalake_from_crawl_dmcl.py
[2025-06-05T11:20:03.627+0000] {processor.py:840} INFO - DAG(s) 'upload_to_datalake_dag' retrieved from /opt/airflow/dags/dag_2datalake_from_crawl_dmcl.py
[2025-06-05T11:20:03.722+0000] {logging_mixin.py:188} INFO - [2025-06-05T11:20:03.722+0000] {dag.py:3096} INFO - Sync 1 DAGs
[2025-06-05T11:20:03.740+0000] {logging_mixin.py:188} INFO - [2025-06-05T11:20:03.740+0000] {dag.py:3954} INFO - Setting next_dagrun for upload_to_datalake_dag to None, run_after=None
[2025-06-05T11:20:03.759+0000] {processor.py:183} INFO - Processing /opt/airflow/dags/dag_2datalake_from_crawl_dmcl.py took 0.661 seconds
[2025-06-05T11:20:33.896+0000] {processor.py:161} INFO - Started process (PID=174) to work on /opt/airflow/dags/dag_2datalake_from_crawl_dmcl.py
[2025-06-05T11:20:33.897+0000] {processor.py:830} INFO - Processing file /opt/airflow/dags/dag_2datalake_from_crawl_dmcl.py for tasks to queue
[2025-06-05T11:20:33.899+0000] {logging_mixin.py:188} INFO - [2025-06-05T11:20:33.899+0000] {dagbag.py:545} INFO - Filling up the DagBag from /opt/airflow/dags/dag_2datalake_from_crawl_dmcl.py
[2025-06-05T11:20:34.407+0000] {processor.py:840} INFO - DAG(s) 'upload_to_datalake_dag' retrieved from /opt/airflow/dags/dag_2datalake_from_crawl_dmcl.py
[2025-06-05T11:20:34.438+0000] {logging_mixin.py:188} INFO - [2025-06-05T11:20:34.438+0000] {dag.py:3096} INFO - Sync 1 DAGs
[2025-06-05T11:20:34.454+0000] {logging_mixin.py:188} INFO - [2025-06-05T11:20:34.454+0000] {dag.py:3954} INFO - Setting next_dagrun for upload_to_datalake_dag to None, run_after=None
[2025-06-05T11:20:34.587+0000] {processor.py:183} INFO - Processing /opt/airflow/dags/dag_2datalake_from_crawl_dmcl.py took 0.699 seconds
[2025-06-05T11:21:05.463+0000] {processor.py:161} INFO - Started process (PID=192) to work on /opt/airflow/dags/dag_2datalake_from_crawl_dmcl.py
[2025-06-05T11:21:05.464+0000] {processor.py:830} INFO - Processing file /opt/airflow/dags/dag_2datalake_from_crawl_dmcl.py for tasks to queue
[2025-06-05T11:21:05.466+0000] {logging_mixin.py:188} INFO - [2025-06-05T11:21:05.466+0000] {dagbag.py:545} INFO - Filling up the DagBag from /opt/airflow/dags/dag_2datalake_from_crawl_dmcl.py
[2025-06-05T11:21:05.908+0000] {processor.py:840} INFO - DAG(s) 'upload_to_datalake_dag' retrieved from /opt/airflow/dags/dag_2datalake_from_crawl_dmcl.py
[2025-06-05T11:21:05.940+0000] {logging_mixin.py:188} INFO - [2025-06-05T11:21:05.939+0000] {dag.py:3096} INFO - Sync 1 DAGs
[2025-06-05T11:21:05.952+0000] {logging_mixin.py:188} INFO - [2025-06-05T11:21:05.952+0000] {dag.py:3954} INFO - Setting next_dagrun for upload_to_datalake_dag to None, run_after=None
[2025-06-05T11:21:05.981+0000] {processor.py:183} INFO - Processing /opt/airflow/dags/dag_2datalake_from_crawl_dmcl.py took 0.526 seconds
[2025-06-05T11:21:36.731+0000] {processor.py:161} INFO - Started process (PID=210) to work on /opt/airflow/dags/dag_2datalake_from_crawl_dmcl.py
[2025-06-05T11:21:36.735+0000] {processor.py:830} INFO - Processing file /opt/airflow/dags/dag_2datalake_from_crawl_dmcl.py for tasks to queue
[2025-06-05T11:21:36.738+0000] {logging_mixin.py:188} INFO - [2025-06-05T11:21:36.737+0000] {dagbag.py:545} INFO - Filling up the DagBag from /opt/airflow/dags/dag_2datalake_from_crawl_dmcl.py
[2025-06-05T11:21:37.267+0000] {processor.py:840} INFO - DAG(s) 'upload_to_datalake_dag' retrieved from /opt/airflow/dags/dag_2datalake_from_crawl_dmcl.py
[2025-06-05T11:21:37.293+0000] {logging_mixin.py:188} INFO - [2025-06-05T11:21:37.293+0000] {dag.py:3096} INFO - Sync 1 DAGs
[2025-06-05T11:21:37.309+0000] {logging_mixin.py:188} INFO - [2025-06-05T11:21:37.309+0000] {dag.py:3954} INFO - Setting next_dagrun for upload_to_datalake_dag to None, run_after=None
[2025-06-05T11:21:37.329+0000] {processor.py:183} INFO - Processing /opt/airflow/dags/dag_2datalake_from_crawl_dmcl.py took 0.608 seconds
[2025-06-05T11:22:07.442+0000] {processor.py:161} INFO - Started process (PID=228) to work on /opt/airflow/dags/dag_2datalake_from_crawl_dmcl.py
[2025-06-05T11:22:07.443+0000] {processor.py:830} INFO - Processing file /opt/airflow/dags/dag_2datalake_from_crawl_dmcl.py for tasks to queue
[2025-06-05T11:22:07.445+0000] {logging_mixin.py:188} INFO - [2025-06-05T11:22:07.445+0000] {dagbag.py:545} INFO - Filling up the DagBag from /opt/airflow/dags/dag_2datalake_from_crawl_dmcl.py
[2025-06-05T11:22:07.852+0000] {processor.py:840} INFO - DAG(s) 'upload_to_datalake_dag' retrieved from /opt/airflow/dags/dag_2datalake_from_crawl_dmcl.py
[2025-06-05T11:22:07.880+0000] {logging_mixin.py:188} INFO - [2025-06-05T11:22:07.879+0000] {dag.py:3096} INFO - Sync 1 DAGs
[2025-06-05T11:22:07.895+0000] {logging_mixin.py:188} INFO - [2025-06-05T11:22:07.894+0000] {dag.py:3954} INFO - Setting next_dagrun for upload_to_datalake_dag to None, run_after=None
[2025-06-05T11:22:08.015+0000] {processor.py:183} INFO - Processing /opt/airflow/dags/dag_2datalake_from_crawl_dmcl.py took 0.580 seconds
[2025-06-05T11:22:32.762+0000] {processor.py:161} INFO - Started process (PID=243) to work on /opt/airflow/dags/dag_2datalake_from_crawl_dmcl.py
[2025-06-05T11:22:32.765+0000] {processor.py:830} INFO - Processing file /opt/airflow/dags/dag_2datalake_from_crawl_dmcl.py for tasks to queue
[2025-06-05T11:22:32.771+0000] {logging_mixin.py:188} INFO - [2025-06-05T11:22:32.771+0000] {dagbag.py:545} INFO - Filling up the DagBag from /opt/airflow/dags/dag_2datalake_from_crawl_dmcl.py
[2025-06-05T11:22:33.184+0000] {processor.py:840} INFO - DAG(s) 'upload_to_datalake_dag' retrieved from /opt/airflow/dags/dag_2datalake_from_crawl_dmcl.py
[2025-06-05T11:22:33.212+0000] {logging_mixin.py:188} INFO - [2025-06-05T11:22:33.212+0000] {dag.py:3096} INFO - Sync 1 DAGs
[2025-06-05T11:22:33.223+0000] {logging_mixin.py:188} INFO - [2025-06-05T11:22:33.223+0000] {dag.py:3954} INFO - Setting next_dagrun for upload_to_datalake_dag to None, run_after=None
[2025-06-05T11:22:33.253+0000] {processor.py:183} INFO - Processing /opt/airflow/dags/dag_2datalake_from_crawl_dmcl.py took 0.517 seconds
[2025-06-05T11:23:03.651+0000] {processor.py:161} INFO - Started process (PID=261) to work on /opt/airflow/dags/dag_2datalake_from_crawl_dmcl.py
[2025-06-05T11:23:03.653+0000] {processor.py:830} INFO - Processing file /opt/airflow/dags/dag_2datalake_from_crawl_dmcl.py for tasks to queue
[2025-06-05T11:23:03.659+0000] {logging_mixin.py:188} INFO - [2025-06-05T11:23:03.659+0000] {dagbag.py:545} INFO - Filling up the DagBag from /opt/airflow/dags/dag_2datalake_from_crawl_dmcl.py
[2025-06-05T11:23:04.096+0000] {processor.py:840} INFO - DAG(s) 'upload_to_datalake_dag' retrieved from /opt/airflow/dags/dag_2datalake_from_crawl_dmcl.py
[2025-06-05T11:23:04.138+0000] {logging_mixin.py:188} INFO - [2025-06-05T11:23:04.138+0000] {dag.py:3096} INFO - Sync 1 DAGs
[2025-06-05T11:23:04.161+0000] {logging_mixin.py:188} INFO - [2025-06-05T11:23:04.161+0000] {dag.py:3954} INFO - Setting next_dagrun for upload_to_datalake_dag to None, run_after=None
[2025-06-05T11:23:04.182+0000] {processor.py:183} INFO - Processing /opt/airflow/dags/dag_2datalake_from_crawl_dmcl.py took 0.541 seconds
[2025-06-05T11:23:34.152+0000] {processor.py:161} INFO - Started process (PID=279) to work on /opt/airflow/dags/dag_2datalake_from_crawl_dmcl.py
[2025-06-05T11:23:34.155+0000] {processor.py:830} INFO - Processing file /opt/airflow/dags/dag_2datalake_from_crawl_dmcl.py for tasks to queue
[2025-06-05T11:23:34.164+0000] {logging_mixin.py:188} INFO - [2025-06-05T11:23:34.164+0000] {dagbag.py:545} INFO - Filling up the DagBag from /opt/airflow/dags/dag_2datalake_from_crawl_dmcl.py
[2025-06-05T11:23:35.221+0000] {processor.py:840} INFO - DAG(s) 'upload_to_datalake_dag' retrieved from /opt/airflow/dags/dag_2datalake_from_crawl_dmcl.py
[2025-06-05T11:23:35.250+0000] {logging_mixin.py:188} INFO - [2025-06-05T11:23:35.249+0000] {dag.py:3096} INFO - Sync 1 DAGs
[2025-06-05T11:23:35.264+0000] {logging_mixin.py:188} INFO - [2025-06-05T11:23:35.263+0000] {dag.py:3954} INFO - Setting next_dagrun for upload_to_datalake_dag to None, run_after=None
[2025-06-05T11:23:35.585+0000] {processor.py:183} INFO - Processing /opt/airflow/dags/dag_2datalake_from_crawl_dmcl.py took 1.443 seconds
[2025-06-05T11:24:05.727+0000] {processor.py:161} INFO - Started process (PID=297) to work on /opt/airflow/dags/dag_2datalake_from_crawl_dmcl.py
[2025-06-05T11:24:05.728+0000] {processor.py:830} INFO - Processing file /opt/airflow/dags/dag_2datalake_from_crawl_dmcl.py for tasks to queue
[2025-06-05T11:24:05.730+0000] {logging_mixin.py:188} INFO - [2025-06-05T11:24:05.729+0000] {dagbag.py:545} INFO - Filling up the DagBag from /opt/airflow/dags/dag_2datalake_from_crawl_dmcl.py
[2025-06-05T11:24:06.164+0000] {processor.py:840} INFO - DAG(s) 'upload_to_datalake_dag' retrieved from /opt/airflow/dags/dag_2datalake_from_crawl_dmcl.py
[2025-06-05T11:24:06.217+0000] {logging_mixin.py:188} INFO - [2025-06-05T11:24:06.215+0000] {dag.py:3096} INFO - Sync 1 DAGs
[2025-06-05T11:24:06.246+0000] {logging_mixin.py:188} INFO - [2025-06-05T11:24:06.246+0000] {dag.py:3954} INFO - Setting next_dagrun for upload_to_datalake_dag to None, run_after=None
[2025-06-05T11:24:06.298+0000] {processor.py:183} INFO - Processing /opt/airflow/dags/dag_2datalake_from_crawl_dmcl.py took 0.578 seconds
[2025-06-05T11:24:36.387+0000] {processor.py:161} INFO - Started process (PID=315) to work on /opt/airflow/dags/dag_2datalake_from_crawl_dmcl.py
[2025-06-05T11:24:36.387+0000] {processor.py:830} INFO - Processing file /opt/airflow/dags/dag_2datalake_from_crawl_dmcl.py for tasks to queue
[2025-06-05T11:24:36.389+0000] {logging_mixin.py:188} INFO - [2025-06-05T11:24:36.389+0000] {dagbag.py:545} INFO - Filling up the DagBag from /opt/airflow/dags/dag_2datalake_from_crawl_dmcl.py
[2025-06-05T11:24:36.804+0000] {processor.py:840} INFO - DAG(s) 'upload_to_datalake_dag' retrieved from /opt/airflow/dags/dag_2datalake_from_crawl_dmcl.py
[2025-06-05T11:24:36.829+0000] {logging_mixin.py:188} INFO - [2025-06-05T11:24:36.829+0000] {dag.py:3096} INFO - Sync 1 DAGs
[2025-06-05T11:24:36.841+0000] {logging_mixin.py:188} INFO - [2025-06-05T11:24:36.841+0000] {dag.py:3954} INFO - Setting next_dagrun for upload_to_datalake_dag to None, run_after=None
[2025-06-05T11:24:36.860+0000] {processor.py:183} INFO - Processing /opt/airflow/dags/dag_2datalake_from_crawl_dmcl.py took 0.481 seconds
[2025-06-05T11:25:07.876+0000] {processor.py:161} INFO - Started process (PID=333) to work on /opt/airflow/dags/dag_2datalake_from_crawl_dmcl.py
[2025-06-05T11:25:07.877+0000] {processor.py:830} INFO - Processing file /opt/airflow/dags/dag_2datalake_from_crawl_dmcl.py for tasks to queue
[2025-06-05T11:25:07.878+0000] {logging_mixin.py:188} INFO - [2025-06-05T11:25:07.878+0000] {dagbag.py:545} INFO - Filling up the DagBag from /opt/airflow/dags/dag_2datalake_from_crawl_dmcl.py
[2025-06-05T11:25:08.329+0000] {processor.py:840} INFO - DAG(s) 'upload_to_datalake_dag' retrieved from /opt/airflow/dags/dag_2datalake_from_crawl_dmcl.py
[2025-06-05T11:25:08.354+0000] {logging_mixin.py:188} INFO - [2025-06-05T11:25:08.354+0000] {dag.py:3096} INFO - Sync 1 DAGs
[2025-06-05T11:25:08.370+0000] {logging_mixin.py:188} INFO - [2025-06-05T11:25:08.369+0000] {dag.py:3954} INFO - Setting next_dagrun for upload_to_datalake_dag to None, run_after=None
[2025-06-05T11:25:08.506+0000] {processor.py:183} INFO - Processing /opt/airflow/dags/dag_2datalake_from_crawl_dmcl.py took 0.640 seconds
[2025-06-05T11:25:38.569+0000] {processor.py:161} INFO - Started process (PID=351) to work on /opt/airflow/dags/dag_2datalake_from_crawl_dmcl.py
[2025-06-05T11:25:38.570+0000] {processor.py:830} INFO - Processing file /opt/airflow/dags/dag_2datalake_from_crawl_dmcl.py for tasks to queue
[2025-06-05T11:25:38.572+0000] {logging_mixin.py:188} INFO - [2025-06-05T11:25:38.572+0000] {dagbag.py:545} INFO - Filling up the DagBag from /opt/airflow/dags/dag_2datalake_from_crawl_dmcl.py
[2025-06-05T11:25:39.101+0000] {processor.py:840} INFO - DAG(s) 'upload_to_datalake_dag' retrieved from /opt/airflow/dags/dag_2datalake_from_crawl_dmcl.py
[2025-06-05T11:25:39.129+0000] {logging_mixin.py:188} INFO - [2025-06-05T11:25:39.128+0000] {dag.py:3096} INFO - Sync 1 DAGs
[2025-06-05T11:25:39.245+0000] {logging_mixin.py:188} INFO - [2025-06-05T11:25:39.244+0000] {dag.py:3954} INFO - Setting next_dagrun for upload_to_datalake_dag to None, run_after=None
[2025-06-05T11:25:39.265+0000] {processor.py:183} INFO - Processing /opt/airflow/dags/dag_2datalake_from_crawl_dmcl.py took 0.703 seconds
[2025-06-05T11:26:09.662+0000] {processor.py:161} INFO - Started process (PID=372) to work on /opt/airflow/dags/dag_2datalake_from_crawl_dmcl.py
[2025-06-05T11:26:09.665+0000] {processor.py:830} INFO - Processing file /opt/airflow/dags/dag_2datalake_from_crawl_dmcl.py for tasks to queue
[2025-06-05T11:26:09.668+0000] {logging_mixin.py:188} INFO - [2025-06-05T11:26:09.668+0000] {dagbag.py:545} INFO - Filling up the DagBag from /opt/airflow/dags/dag_2datalake_from_crawl_dmcl.py
[2025-06-05T11:26:10.361+0000] {processor.py:840} INFO - DAG(s) 'upload_to_datalake_dag' retrieved from /opt/airflow/dags/dag_2datalake_from_crawl_dmcl.py
[2025-06-05T11:26:10.388+0000] {logging_mixin.py:188} INFO - [2025-06-05T11:26:10.388+0000] {dag.py:3096} INFO - Sync 1 DAGs
[2025-06-05T11:26:10.399+0000] {logging_mixin.py:188} INFO - [2025-06-05T11:26:10.399+0000] {dag.py:3954} INFO - Setting next_dagrun for upload_to_datalake_dag to None, run_after=None
[2025-06-05T11:26:10.419+0000] {processor.py:183} INFO - Processing /opt/airflow/dags/dag_2datalake_from_crawl_dmcl.py took 0.769 seconds
[2025-06-05T11:26:40.957+0000] {processor.py:161} INFO - Started process (PID=390) to work on /opt/airflow/dags/dag_2datalake_from_crawl_dmcl.py
[2025-06-05T11:26:40.958+0000] {processor.py:830} INFO - Processing file /opt/airflow/dags/dag_2datalake_from_crawl_dmcl.py for tasks to queue
[2025-06-05T11:26:40.960+0000] {logging_mixin.py:188} INFO - [2025-06-05T11:26:40.959+0000] {dagbag.py:545} INFO - Filling up the DagBag from /opt/airflow/dags/dag_2datalake_from_crawl_dmcl.py
[2025-06-05T11:26:41.371+0000] {processor.py:840} INFO - DAG(s) 'upload_to_datalake_dag' retrieved from /opt/airflow/dags/dag_2datalake_from_crawl_dmcl.py
[2025-06-05T11:26:41.396+0000] {logging_mixin.py:188} INFO - [2025-06-05T11:26:41.396+0000] {dag.py:3096} INFO - Sync 1 DAGs
[2025-06-05T11:26:41.408+0000] {logging_mixin.py:188} INFO - [2025-06-05T11:26:41.408+0000] {dag.py:3954} INFO - Setting next_dagrun for upload_to_datalake_dag to None, run_after=None
[2025-06-05T11:26:41.433+0000] {processor.py:183} INFO - Processing /opt/airflow/dags/dag_2datalake_from_crawl_dmcl.py took 0.484 seconds
[2025-06-05T11:27:11.998+0000] {processor.py:161} INFO - Started process (PID=408) to work on /opt/airflow/dags/dag_2datalake_from_crawl_dmcl.py
[2025-06-05T11:27:11.999+0000] {processor.py:830} INFO - Processing file /opt/airflow/dags/dag_2datalake_from_crawl_dmcl.py for tasks to queue
[2025-06-05T11:27:12.001+0000] {logging_mixin.py:188} INFO - [2025-06-05T11:27:12.000+0000] {dagbag.py:545} INFO - Filling up the DagBag from /opt/airflow/dags/dag_2datalake_from_crawl_dmcl.py
[2025-06-05T11:27:12.413+0000] {processor.py:840} INFO - DAG(s) 'upload_to_datalake_dag' retrieved from /opt/airflow/dags/dag_2datalake_from_crawl_dmcl.py
[2025-06-05T11:27:12.440+0000] {logging_mixin.py:188} INFO - [2025-06-05T11:27:12.440+0000] {dag.py:3096} INFO - Sync 1 DAGs
[2025-06-05T11:27:12.547+0000] {logging_mixin.py:188} INFO - [2025-06-05T11:27:12.547+0000] {dag.py:3954} INFO - Setting next_dagrun for upload_to_datalake_dag to None, run_after=None
[2025-06-05T11:27:12.569+0000] {processor.py:183} INFO - Processing /opt/airflow/dags/dag_2datalake_from_crawl_dmcl.py took 0.578 seconds
[2025-06-05T11:27:43.183+0000] {processor.py:161} INFO - Started process (PID=426) to work on /opt/airflow/dags/dag_2datalake_from_crawl_dmcl.py
[2025-06-05T11:27:43.184+0000] {processor.py:830} INFO - Processing file /opt/airflow/dags/dag_2datalake_from_crawl_dmcl.py for tasks to queue
[2025-06-05T11:27:43.187+0000] {logging_mixin.py:188} INFO - [2025-06-05T11:27:43.187+0000] {dagbag.py:545} INFO - Filling up the DagBag from /opt/airflow/dags/dag_2datalake_from_crawl_dmcl.py
[2025-06-05T11:27:43.765+0000] {processor.py:840} INFO - DAG(s) 'upload_to_datalake_dag' retrieved from /opt/airflow/dags/dag_2datalake_from_crawl_dmcl.py
[2025-06-05T11:27:43.803+0000] {logging_mixin.py:188} INFO - [2025-06-05T11:27:43.802+0000] {dag.py:3096} INFO - Sync 1 DAGs
[2025-06-05T11:27:43.825+0000] {logging_mixin.py:188} INFO - [2025-06-05T11:27:43.825+0000] {dag.py:3954} INFO - Setting next_dagrun for upload_to_datalake_dag to None, run_after=None
[2025-06-05T11:27:43.847+0000] {processor.py:183} INFO - Processing /opt/airflow/dags/dag_2datalake_from_crawl_dmcl.py took 0.672 seconds
[2025-06-05T11:28:14.482+0000] {processor.py:161} INFO - Started process (PID=444) to work on /opt/airflow/dags/dag_2datalake_from_crawl_dmcl.py
[2025-06-05T11:28:14.484+0000] {processor.py:830} INFO - Processing file /opt/airflow/dags/dag_2datalake_from_crawl_dmcl.py for tasks to queue
[2025-06-05T11:28:14.485+0000] {logging_mixin.py:188} INFO - [2025-06-05T11:28:14.485+0000] {dagbag.py:545} INFO - Filling up the DagBag from /opt/airflow/dags/dag_2datalake_from_crawl_dmcl.py
[2025-06-05T11:28:14.895+0000] {processor.py:840} INFO - DAG(s) 'upload_to_datalake_dag' retrieved from /opt/airflow/dags/dag_2datalake_from_crawl_dmcl.py
[2025-06-05T11:28:14.923+0000] {logging_mixin.py:188} INFO - [2025-06-05T11:28:14.922+0000] {dag.py:3096} INFO - Sync 1 DAGs
[2025-06-05T11:28:14.935+0000] {logging_mixin.py:188} INFO - [2025-06-05T11:28:14.934+0000] {dag.py:3954} INFO - Setting next_dagrun for upload_to_datalake_dag to None, run_after=None
[2025-06-05T11:28:14.957+0000] {processor.py:183} INFO - Processing /opt/airflow/dags/dag_2datalake_from_crawl_dmcl.py took 0.483 seconds
[2025-06-05T11:28:45.093+0000] {processor.py:161} INFO - Started process (PID=462) to work on /opt/airflow/dags/dag_2datalake_from_crawl_dmcl.py
[2025-06-05T11:28:45.094+0000] {processor.py:830} INFO - Processing file /opt/airflow/dags/dag_2datalake_from_crawl_dmcl.py for tasks to queue
[2025-06-05T11:28:45.096+0000] {logging_mixin.py:188} INFO - [2025-06-05T11:28:45.096+0000] {dagbag.py:545} INFO - Filling up the DagBag from /opt/airflow/dags/dag_2datalake_from_crawl_dmcl.py
[2025-06-05T11:28:45.490+0000] {processor.py:840} INFO - DAG(s) 'upload_to_datalake_dag' retrieved from /opt/airflow/dags/dag_2datalake_from_crawl_dmcl.py
[2025-06-05T11:28:45.519+0000] {logging_mixin.py:188} INFO - [2025-06-05T11:28:45.519+0000] {dag.py:3096} INFO - Sync 1 DAGs
[2025-06-05T11:28:45.634+0000] {logging_mixin.py:188} INFO - [2025-06-05T11:28:45.634+0000] {dag.py:3954} INFO - Setting next_dagrun for upload_to_datalake_dag to None, run_after=None
[2025-06-05T11:28:45.653+0000] {processor.py:183} INFO - Processing /opt/airflow/dags/dag_2datalake_from_crawl_dmcl.py took 0.568 seconds
[2025-06-05T11:29:15.715+0000] {processor.py:161} INFO - Started process (PID=480) to work on /opt/airflow/dags/dag_2datalake_from_crawl_dmcl.py
[2025-06-05T11:29:15.717+0000] {processor.py:830} INFO - Processing file /opt/airflow/dags/dag_2datalake_from_crawl_dmcl.py for tasks to queue
[2025-06-05T11:29:15.719+0000] {logging_mixin.py:188} INFO - [2025-06-05T11:29:15.718+0000] {dagbag.py:545} INFO - Filling up the DagBag from /opt/airflow/dags/dag_2datalake_from_crawl_dmcl.py
[2025-06-05T11:29:16.105+0000] {processor.py:840} INFO - DAG(s) 'upload_to_datalake_dag' retrieved from /opt/airflow/dags/dag_2datalake_from_crawl_dmcl.py
[2025-06-05T11:29:16.131+0000] {logging_mixin.py:188} INFO - [2025-06-05T11:29:16.130+0000] {dag.py:3096} INFO - Sync 1 DAGs
[2025-06-05T11:29:16.142+0000] {logging_mixin.py:188} INFO - [2025-06-05T11:29:16.142+0000] {dag.py:3954} INFO - Setting next_dagrun for upload_to_datalake_dag to None, run_after=None
[2025-06-05T11:29:16.161+0000] {processor.py:183} INFO - Processing /opt/airflow/dags/dag_2datalake_from_crawl_dmcl.py took 0.453 seconds
[2025-06-05T11:29:46.962+0000] {processor.py:161} INFO - Started process (PID=498) to work on /opt/airflow/dags/dag_2datalake_from_crawl_dmcl.py
[2025-06-05T11:29:46.963+0000] {processor.py:830} INFO - Processing file /opt/airflow/dags/dag_2datalake_from_crawl_dmcl.py for tasks to queue
[2025-06-05T11:29:46.964+0000] {logging_mixin.py:188} INFO - [2025-06-05T11:29:46.964+0000] {dagbag.py:545} INFO - Filling up the DagBag from /opt/airflow/dags/dag_2datalake_from_crawl_dmcl.py
[2025-06-05T11:29:47.342+0000] {processor.py:840} INFO - DAG(s) 'upload_to_datalake_dag' retrieved from /opt/airflow/dags/dag_2datalake_from_crawl_dmcl.py
[2025-06-05T11:29:47.367+0000] {logging_mixin.py:188} INFO - [2025-06-05T11:29:47.367+0000] {dag.py:3096} INFO - Sync 1 DAGs
[2025-06-05T11:29:47.378+0000] {logging_mixin.py:188} INFO - [2025-06-05T11:29:47.378+0000] {dag.py:3954} INFO - Setting next_dagrun for upload_to_datalake_dag to None, run_after=None
[2025-06-05T11:29:47.402+0000] {processor.py:183} INFO - Processing /opt/airflow/dags/dag_2datalake_from_crawl_dmcl.py took 0.448 seconds
[2025-06-05T11:30:17.512+0000] {processor.py:161} INFO - Started process (PID=516) to work on /opt/airflow/dags/dag_2datalake_from_crawl_dmcl.py
[2025-06-05T11:30:17.513+0000] {processor.py:830} INFO - Processing file /opt/airflow/dags/dag_2datalake_from_crawl_dmcl.py for tasks to queue
[2025-06-05T11:30:17.515+0000] {logging_mixin.py:188} INFO - [2025-06-05T11:30:17.515+0000] {dagbag.py:545} INFO - Filling up the DagBag from /opt/airflow/dags/dag_2datalake_from_crawl_dmcl.py
[2025-06-05T11:30:17.899+0000] {processor.py:840} INFO - DAG(s) 'upload_to_datalake_dag' retrieved from /opt/airflow/dags/dag_2datalake_from_crawl_dmcl.py
[2025-06-05T11:30:17.929+0000] {logging_mixin.py:188} INFO - [2025-06-05T11:30:17.929+0000] {dag.py:3096} INFO - Sync 1 DAGs
[2025-06-05T11:30:18.036+0000] {logging_mixin.py:188} INFO - [2025-06-05T11:30:18.036+0000] {dag.py:3954} INFO - Setting next_dagrun for upload_to_datalake_dag to None, run_after=None
[2025-06-05T11:30:18.056+0000] {processor.py:183} INFO - Processing /opt/airflow/dags/dag_2datalake_from_crawl_dmcl.py took 0.551 seconds
[2025-06-05T11:30:48.324+0000] {processor.py:161} INFO - Started process (PID=534) to work on /opt/airflow/dags/dag_2datalake_from_crawl_dmcl.py
[2025-06-05T11:30:48.325+0000] {processor.py:830} INFO - Processing file /opt/airflow/dags/dag_2datalake_from_crawl_dmcl.py for tasks to queue
[2025-06-05T11:30:48.327+0000] {logging_mixin.py:188} INFO - [2025-06-05T11:30:48.326+0000] {dagbag.py:545} INFO - Filling up the DagBag from /opt/airflow/dags/dag_2datalake_from_crawl_dmcl.py
[2025-06-05T11:30:48.726+0000] {processor.py:840} INFO - DAG(s) 'upload_to_datalake_dag' retrieved from /opt/airflow/dags/dag_2datalake_from_crawl_dmcl.py
[2025-06-05T11:30:48.851+0000] {logging_mixin.py:188} INFO - [2025-06-05T11:30:48.851+0000] {dag.py:3096} INFO - Sync 1 DAGs
[2025-06-05T11:30:48.862+0000] {logging_mixin.py:188} INFO - [2025-06-05T11:30:48.862+0000] {dag.py:3954} INFO - Setting next_dagrun for upload_to_datalake_dag to None, run_after=None
[2025-06-05T11:30:48.881+0000] {processor.py:183} INFO - Processing /opt/airflow/dags/dag_2datalake_from_crawl_dmcl.py took 0.564 seconds
[2025-06-05T11:31:19.100+0000] {processor.py:161} INFO - Started process (PID=552) to work on /opt/airflow/dags/dag_2datalake_from_crawl_dmcl.py
[2025-06-05T11:31:19.101+0000] {processor.py:830} INFO - Processing file /opt/airflow/dags/dag_2datalake_from_crawl_dmcl.py for tasks to queue
[2025-06-05T11:31:19.103+0000] {logging_mixin.py:188} INFO - [2025-06-05T11:31:19.103+0000] {dagbag.py:545} INFO - Filling up the DagBag from /opt/airflow/dags/dag_2datalake_from_crawl_dmcl.py
[2025-06-05T11:31:19.548+0000] {processor.py:840} INFO - DAG(s) 'upload_to_datalake_dag' retrieved from /opt/airflow/dags/dag_2datalake_from_crawl_dmcl.py
[2025-06-05T11:31:19.578+0000] {logging_mixin.py:188} INFO - [2025-06-05T11:31:19.578+0000] {dag.py:3096} INFO - Sync 1 DAGs
[2025-06-05T11:31:19.591+0000] {logging_mixin.py:188} INFO - [2025-06-05T11:31:19.591+0000] {dag.py:3954} INFO - Setting next_dagrun for upload_to_datalake_dag to None, run_after=None
[2025-06-05T11:31:19.613+0000] {processor.py:183} INFO - Processing /opt/airflow/dags/dag_2datalake_from_crawl_dmcl.py took 0.520 seconds
[2025-06-05T11:31:30.778+0000] {processor.py:161} INFO - Started process (PID=567) to work on /opt/airflow/dags/dag_2datalake_from_crawl_dmcl.py
[2025-06-05T11:31:30.779+0000] {processor.py:830} INFO - Processing file /opt/airflow/dags/dag_2datalake_from_crawl_dmcl.py for tasks to queue
[2025-06-05T11:31:30.781+0000] {logging_mixin.py:188} INFO - [2025-06-05T11:31:30.781+0000] {dagbag.py:545} INFO - Filling up the DagBag from /opt/airflow/dags/dag_2datalake_from_crawl_dmcl.py
[2025-06-05T11:31:31.180+0000] {processor.py:840} INFO - DAG(s) 'upload_to_datalake_dag' retrieved from /opt/airflow/dags/dag_2datalake_from_crawl_dmcl.py
[2025-06-05T11:31:31.208+0000] {logging_mixin.py:188} INFO - [2025-06-05T11:31:31.207+0000] {dag.py:3096} INFO - Sync 1 DAGs
[2025-06-05T11:31:31.324+0000] {logging_mixin.py:188} INFO - [2025-06-05T11:31:31.324+0000] {dag.py:3954} INFO - Setting next_dagrun for upload_to_datalake_dag to None, run_after=None
[2025-06-05T11:31:31.349+0000] {processor.py:183} INFO - Processing /opt/airflow/dags/dag_2datalake_from_crawl_dmcl.py took 0.578 seconds
[2025-06-05T11:32:01.951+0000] {processor.py:161} INFO - Started process (PID=585) to work on /opt/airflow/dags/dag_2datalake_from_crawl_dmcl.py
[2025-06-05T11:32:01.952+0000] {processor.py:830} INFO - Processing file /opt/airflow/dags/dag_2datalake_from_crawl_dmcl.py for tasks to queue
[2025-06-05T11:32:01.955+0000] {logging_mixin.py:188} INFO - [2025-06-05T11:32:01.955+0000] {dagbag.py:545} INFO - Filling up the DagBag from /opt/airflow/dags/dag_2datalake_from_crawl_dmcl.py
[2025-06-05T11:32:02.462+0000] {processor.py:840} INFO - DAG(s) 'upload_to_datalake_dag' retrieved from /opt/airflow/dags/dag_2datalake_from_crawl_dmcl.py
[2025-06-05T11:32:02.608+0000] {logging_mixin.py:188} INFO - [2025-06-05T11:32:02.607+0000] {dag.py:3096} INFO - Sync 1 DAGs
[2025-06-05T11:32:02.619+0000] {logging_mixin.py:188} INFO - [2025-06-05T11:32:02.618+0000] {dag.py:3954} INFO - Setting next_dagrun for upload_to_datalake_dag to None, run_after=None
[2025-06-05T11:32:02.641+0000] {processor.py:183} INFO - Processing /opt/airflow/dags/dag_2datalake_from_crawl_dmcl.py took 0.701 seconds
[2025-06-05T11:32:33.017+0000] {processor.py:161} INFO - Started process (PID=603) to work on /opt/airflow/dags/dag_2datalake_from_crawl_dmcl.py
[2025-06-05T11:32:33.018+0000] {processor.py:830} INFO - Processing file /opt/airflow/dags/dag_2datalake_from_crawl_dmcl.py for tasks to queue
[2025-06-05T11:32:33.020+0000] {logging_mixin.py:188} INFO - [2025-06-05T11:32:33.020+0000] {dagbag.py:545} INFO - Filling up the DagBag from /opt/airflow/dags/dag_2datalake_from_crawl_dmcl.py
[2025-06-05T11:32:33.441+0000] {processor.py:840} INFO - DAG(s) 'upload_to_datalake_dag' retrieved from /opt/airflow/dags/dag_2datalake_from_crawl_dmcl.py
[2025-06-05T11:32:33.466+0000] {logging_mixin.py:188} INFO - [2025-06-05T11:32:33.466+0000] {dag.py:3096} INFO - Sync 1 DAGs
[2025-06-05T11:32:33.478+0000] {logging_mixin.py:188} INFO - [2025-06-05T11:32:33.478+0000] {dag.py:3954} INFO - Setting next_dagrun for upload_to_datalake_dag to None, run_after=None
[2025-06-05T11:32:33.499+0000] {processor.py:183} INFO - Processing /opt/airflow/dags/dag_2datalake_from_crawl_dmcl.py took 0.488 seconds
[2025-06-05T11:33:04.099+0000] {processor.py:161} INFO - Started process (PID=621) to work on /opt/airflow/dags/dag_2datalake_from_crawl_dmcl.py
[2025-06-05T11:33:04.100+0000] {processor.py:830} INFO - Processing file /opt/airflow/dags/dag_2datalake_from_crawl_dmcl.py for tasks to queue
[2025-06-05T11:33:04.102+0000] {logging_mixin.py:188} INFO - [2025-06-05T11:33:04.102+0000] {dagbag.py:545} INFO - Filling up the DagBag from /opt/airflow/dags/dag_2datalake_from_crawl_dmcl.py
[2025-06-05T11:33:04.573+0000] {processor.py:840} INFO - DAG(s) 'upload_to_datalake_dag' retrieved from /opt/airflow/dags/dag_2datalake_from_crawl_dmcl.py
[2025-06-05T11:33:04.602+0000] {logging_mixin.py:188} INFO - [2025-06-05T11:33:04.601+0000] {dag.py:3096} INFO - Sync 1 DAGs
[2025-06-05T11:33:04.790+0000] {logging_mixin.py:188} INFO - [2025-06-05T11:33:04.790+0000] {dag.py:3954} INFO - Setting next_dagrun for upload_to_datalake_dag to None, run_after=None
[2025-06-05T11:33:04.818+0000] {processor.py:183} INFO - Processing /opt/airflow/dags/dag_2datalake_from_crawl_dmcl.py took 0.728 seconds
[2025-06-05T11:33:06.914+0000] {processor.py:161} INFO - Started process (PID=626) to work on /opt/airflow/dags/dag_2datalake_from_crawl_dmcl.py
[2025-06-05T11:33:06.915+0000] {processor.py:830} INFO - Processing file /opt/airflow/dags/dag_2datalake_from_crawl_dmcl.py for tasks to queue
[2025-06-05T11:33:06.917+0000] {logging_mixin.py:188} INFO - [2025-06-05T11:33:06.917+0000] {dagbag.py:545} INFO - Filling up the DagBag from /opt/airflow/dags/dag_2datalake_from_crawl_dmcl.py
[2025-06-05T11:33:07.322+0000] {processor.py:840} INFO - DAG(s) 'upload_to_datalake_dag' retrieved from /opt/airflow/dags/dag_2datalake_from_crawl_dmcl.py
[2025-06-05T11:33:07.349+0000] {logging_mixin.py:188} INFO - [2025-06-05T11:33:07.349+0000] {dag.py:3096} INFO - Sync 1 DAGs
[2025-06-05T11:33:07.463+0000] {logging_mixin.py:188} INFO - [2025-06-05T11:33:07.463+0000] {dag.py:3954} INFO - Setting next_dagrun for upload_to_datalake_dag to None, run_after=None
[2025-06-05T11:33:07.489+0000] {processor.py:183} INFO - Processing /opt/airflow/dags/dag_2datalake_from_crawl_dmcl.py took 0.582 seconds
[2025-06-05T11:33:38.361+0000] {processor.py:161} INFO - Started process (PID=644) to work on /opt/airflow/dags/dag_2datalake_from_crawl_dmcl.py
[2025-06-05T11:33:38.363+0000] {processor.py:830} INFO - Processing file /opt/airflow/dags/dag_2datalake_from_crawl_dmcl.py for tasks to queue
[2025-06-05T11:33:38.365+0000] {logging_mixin.py:188} INFO - [2025-06-05T11:33:38.365+0000] {dagbag.py:545} INFO - Filling up the DagBag from /opt/airflow/dags/dag_2datalake_from_crawl_dmcl.py
[2025-06-05T11:33:38.898+0000] {processor.py:840} INFO - DAG(s) 'upload_to_datalake_dag' retrieved from /opt/airflow/dags/dag_2datalake_from_crawl_dmcl.py
[2025-06-05T11:33:39.064+0000] {logging_mixin.py:188} INFO - [2025-06-05T11:33:39.063+0000] {dag.py:3096} INFO - Sync 1 DAGs
[2025-06-05T11:33:39.088+0000] {logging_mixin.py:188} INFO - [2025-06-05T11:33:39.088+0000] {dag.py:3954} INFO - Setting next_dagrun for upload_to_datalake_dag to None, run_after=None
[2025-06-05T11:33:39.111+0000] {processor.py:183} INFO - Processing /opt/airflow/dags/dag_2datalake_from_crawl_dmcl.py took 0.758 seconds
[2025-06-05T11:33:47.492+0000] {processor.py:161} INFO - Started process (PID=649) to work on /opt/airflow/dags/dag_2datalake_from_crawl_dmcl.py
[2025-06-05T11:33:47.493+0000] {processor.py:830} INFO - Processing file /opt/airflow/dags/dag_2datalake_from_crawl_dmcl.py for tasks to queue
[2025-06-05T11:33:47.495+0000] {logging_mixin.py:188} INFO - [2025-06-05T11:33:47.494+0000] {dagbag.py:545} INFO - Filling up the DagBag from /opt/airflow/dags/dag_2datalake_from_crawl_dmcl.py
[2025-06-05T11:33:48.138+0000] {processor.py:840} INFO - DAG(s) 'upload_to_datalake_dag' retrieved from /opt/airflow/dags/dag_2datalake_from_crawl_dmcl.py
[2025-06-05T11:33:48.161+0000] {logging_mixin.py:188} INFO - [2025-06-05T11:33:48.160+0000] {dag.py:3096} INFO - Sync 1 DAGs
[2025-06-05T11:33:48.172+0000] {logging_mixin.py:188} INFO - [2025-06-05T11:33:48.171+0000] {dag.py:3954} INFO - Setting next_dagrun for upload_to_datalake_dag to None, run_after=None
[2025-06-05T11:33:48.193+0000] {processor.py:183} INFO - Processing /opt/airflow/dags/dag_2datalake_from_crawl_dmcl.py took 0.710 seconds
[2025-06-05T11:34:18.264+0000] {processor.py:161} INFO - Started process (PID=667) to work on /opt/airflow/dags/dag_2datalake_from_crawl_dmcl.py
[2025-06-05T11:34:18.265+0000] {processor.py:830} INFO - Processing file /opt/airflow/dags/dag_2datalake_from_crawl_dmcl.py for tasks to queue
[2025-06-05T11:34:18.267+0000] {logging_mixin.py:188} INFO - [2025-06-05T11:34:18.267+0000] {dagbag.py:545} INFO - Filling up the DagBag from /opt/airflow/dags/dag_2datalake_from_crawl_dmcl.py
[2025-06-05T11:34:18.716+0000] {processor.py:840} INFO - DAG(s) 'upload_to_datalake_dag' retrieved from /opt/airflow/dags/dag_2datalake_from_crawl_dmcl.py
[2025-06-05T11:34:18.741+0000] {logging_mixin.py:188} INFO - [2025-06-05T11:34:18.741+0000] {dag.py:3096} INFO - Sync 1 DAGs
[2025-06-05T11:34:18.753+0000] {logging_mixin.py:188} INFO - [2025-06-05T11:34:18.752+0000] {dag.py:3954} INFO - Setting next_dagrun for upload_to_datalake_dag to None, run_after=None
[2025-06-05T11:34:18.866+0000] {processor.py:183} INFO - Processing /opt/airflow/dags/dag_2datalake_from_crawl_dmcl.py took 0.609 seconds
[2025-06-05T11:34:30.902+0000] {processor.py:161} INFO - Started process (PID=675) to work on /opt/airflow/dags/dag_2datalake_from_crawl_dmcl.py
[2025-06-05T11:34:30.903+0000] {processor.py:830} INFO - Processing file /opt/airflow/dags/dag_2datalake_from_crawl_dmcl.py for tasks to queue
[2025-06-05T11:34:30.905+0000] {logging_mixin.py:188} INFO - [2025-06-05T11:34:30.904+0000] {dagbag.py:545} INFO - Filling up the DagBag from /opt/airflow/dags/dag_2datalake_from_crawl_dmcl.py
[2025-06-05T11:34:31.334+0000] {processor.py:840} INFO - DAG(s) 'upload_to_datalake_dag' retrieved from /opt/airflow/dags/dag_2datalake_from_crawl_dmcl.py
[2025-06-05T11:34:31.358+0000] {logging_mixin.py:188} INFO - [2025-06-05T11:34:31.358+0000] {dag.py:3096} INFO - Sync 1 DAGs
[2025-06-05T11:34:31.371+0000] {logging_mixin.py:188} INFO - [2025-06-05T11:34:31.371+0000] {dag.py:3954} INFO - Setting next_dagrun for upload_to_datalake_dag to None, run_after=None
[2025-06-05T11:34:31.492+0000] {processor.py:183} INFO - Processing /opt/airflow/dags/dag_2datalake_from_crawl_dmcl.py took 0.597 seconds
[2025-06-05T11:35:02.361+0000] {processor.py:161} INFO - Started process (PID=693) to work on /opt/airflow/dags/dag_2datalake_from_crawl_dmcl.py
[2025-06-05T11:35:02.362+0000] {processor.py:830} INFO - Processing file /opt/airflow/dags/dag_2datalake_from_crawl_dmcl.py for tasks to queue
[2025-06-05T11:35:02.364+0000] {logging_mixin.py:188} INFO - [2025-06-05T11:35:02.364+0000] {dagbag.py:545} INFO - Filling up the DagBag from /opt/airflow/dags/dag_2datalake_from_crawl_dmcl.py
[2025-06-05T11:35:02.746+0000] {processor.py:840} INFO - DAG(s) 'upload_to_datalake_dag' retrieved from /opt/airflow/dags/dag_2datalake_from_crawl_dmcl.py
[2025-06-05T11:35:02.868+0000] {logging_mixin.py:188} INFO - [2025-06-05T11:35:02.867+0000] {dag.py:3096} INFO - Sync 1 DAGs
[2025-06-05T11:35:02.879+0000] {logging_mixin.py:188} INFO - [2025-06-05T11:35:02.878+0000] {dag.py:3954} INFO - Setting next_dagrun for upload_to_datalake_dag to None, run_after=None
[2025-06-05T11:35:02.898+0000] {processor.py:183} INFO - Processing /opt/airflow/dags/dag_2datalake_from_crawl_dmcl.py took 0.546 seconds
[2025-06-05T11:35:33.687+0000] {processor.py:161} INFO - Started process (PID=711) to work on /opt/airflow/dags/dag_2datalake_from_crawl_dmcl.py
[2025-06-05T11:35:33.688+0000] {processor.py:830} INFO - Processing file /opt/airflow/dags/dag_2datalake_from_crawl_dmcl.py for tasks to queue
[2025-06-05T11:35:33.698+0000] {logging_mixin.py:188} INFO - [2025-06-05T11:35:33.697+0000] {dagbag.py:545} INFO - Filling up the DagBag from /opt/airflow/dags/dag_2datalake_from_crawl_dmcl.py
[2025-06-05T11:35:34.242+0000] {processor.py:840} INFO - DAG(s) 'upload_to_datalake_dag' retrieved from /opt/airflow/dags/dag_2datalake_from_crawl_dmcl.py
[2025-06-05T11:35:34.270+0000] {logging_mixin.py:188} INFO - [2025-06-05T11:35:34.269+0000] {dag.py:3096} INFO - Sync 1 DAGs
[2025-06-05T11:35:34.292+0000] {logging_mixin.py:188} INFO - [2025-06-05T11:35:34.291+0000] {dag.py:3954} INFO - Setting next_dagrun for upload_to_datalake_dag to None, run_after=None
[2025-06-05T11:35:34.311+0000] {processor.py:183} INFO - Processing /opt/airflow/dags/dag_2datalake_from_crawl_dmcl.py took 0.658 seconds
[2025-06-05T11:36:04.811+0000] {processor.py:161} INFO - Started process (PID=729) to work on /opt/airflow/dags/dag_2datalake_from_crawl_dmcl.py
[2025-06-05T11:36:04.812+0000] {processor.py:830} INFO - Processing file /opt/airflow/dags/dag_2datalake_from_crawl_dmcl.py for tasks to queue
[2025-06-05T11:36:04.814+0000] {logging_mixin.py:188} INFO - [2025-06-05T11:36:04.814+0000] {dagbag.py:545} INFO - Filling up the DagBag from /opt/airflow/dags/dag_2datalake_from_crawl_dmcl.py
[2025-06-05T11:36:05.443+0000] {processor.py:840} INFO - DAG(s) 'upload_to_datalake_dag' retrieved from /opt/airflow/dags/dag_2datalake_from_crawl_dmcl.py
[2025-06-05T11:36:05.467+0000] {logging_mixin.py:188} INFO - [2025-06-05T11:36:05.466+0000] {dag.py:3096} INFO - Sync 1 DAGs
[2025-06-05T11:36:05.478+0000] {logging_mixin.py:188} INFO - [2025-06-05T11:36:05.478+0000] {dag.py:3954} INFO - Setting next_dagrun for upload_to_datalake_dag to None, run_after=None
[2025-06-05T11:36:05.497+0000] {processor.py:183} INFO - Processing /opt/airflow/dags/dag_2datalake_from_crawl_dmcl.py took 0.694 seconds
[2025-06-05T11:36:35.885+0000] {processor.py:161} INFO - Started process (PID=747) to work on /opt/airflow/dags/dag_2datalake_from_crawl_dmcl.py
[2025-06-05T11:36:35.887+0000] {processor.py:830} INFO - Processing file /opt/airflow/dags/dag_2datalake_from_crawl_dmcl.py for tasks to queue
[2025-06-05T11:36:35.888+0000] {logging_mixin.py:188} INFO - [2025-06-05T11:36:35.888+0000] {dagbag.py:545} INFO - Filling up the DagBag from /opt/airflow/dags/dag_2datalake_from_crawl_dmcl.py
[2025-06-05T11:36:36.269+0000] {processor.py:840} INFO - DAG(s) 'upload_to_datalake_dag' retrieved from /opt/airflow/dags/dag_2datalake_from_crawl_dmcl.py
[2025-06-05T11:36:36.396+0000] {logging_mixin.py:188} INFO - [2025-06-05T11:36:36.395+0000] {dag.py:3096} INFO - Sync 1 DAGs
[2025-06-05T11:36:36.405+0000] {logging_mixin.py:188} INFO - [2025-06-05T11:36:36.405+0000] {dag.py:3954} INFO - Setting next_dagrun for upload_to_datalake_dag to None, run_after=None
[2025-06-05T11:36:36.424+0000] {processor.py:183} INFO - Processing /opt/airflow/dags/dag_2datalake_from_crawl_dmcl.py took 0.546 seconds
[2025-06-05T11:37:07.124+0000] {processor.py:161} INFO - Started process (PID=765) to work on /opt/airflow/dags/dag_2datalake_from_crawl_dmcl.py
[2025-06-05T11:37:07.125+0000] {processor.py:830} INFO - Processing file /opt/airflow/dags/dag_2datalake_from_crawl_dmcl.py for tasks to queue
[2025-06-05T11:37:07.128+0000] {logging_mixin.py:188} INFO - [2025-06-05T11:37:07.127+0000] {dagbag.py:545} INFO - Filling up the DagBag from /opt/airflow/dags/dag_2datalake_from_crawl_dmcl.py
[2025-06-05T11:37:07.687+0000] {processor.py:840} INFO - DAG(s) 'upload_to_datalake_dag' retrieved from /opt/airflow/dags/dag_2datalake_from_crawl_dmcl.py
[2025-06-05T11:37:07.713+0000] {logging_mixin.py:188} INFO - [2025-06-05T11:37:07.712+0000] {dag.py:3096} INFO - Sync 1 DAGs
[2025-06-05T11:37:07.726+0000] {logging_mixin.py:188} INFO - [2025-06-05T11:37:07.726+0000] {dag.py:3954} INFO - Setting next_dagrun for upload_to_datalake_dag to None, run_after=None
[2025-06-05T11:37:07.748+0000] {processor.py:183} INFO - Processing /opt/airflow/dags/dag_2datalake_from_crawl_dmcl.py took 0.634 seconds
[2025-06-05T11:37:38.413+0000] {processor.py:161} INFO - Started process (PID=783) to work on /opt/airflow/dags/dag_2datalake_from_crawl_dmcl.py
[2025-06-05T11:37:38.415+0000] {processor.py:830} INFO - Processing file /opt/airflow/dags/dag_2datalake_from_crawl_dmcl.py for tasks to queue
[2025-06-05T11:37:38.417+0000] {logging_mixin.py:188} INFO - [2025-06-05T11:37:38.416+0000] {dagbag.py:545} INFO - Filling up the DagBag from /opt/airflow/dags/dag_2datalake_from_crawl_dmcl.py
[2025-06-05T11:37:39.074+0000] {processor.py:840} INFO - DAG(s) 'upload_to_datalake_dag' retrieved from /opt/airflow/dags/dag_2datalake_from_crawl_dmcl.py
[2025-06-05T11:37:39.140+0000] {logging_mixin.py:188} INFO - [2025-06-05T11:37:39.139+0000] {dag.py:3096} INFO - Sync 1 DAGs
[2025-06-05T11:37:39.175+0000] {logging_mixin.py:188} INFO - [2025-06-05T11:37:39.175+0000] {dag.py:3954} INFO - Setting next_dagrun for upload_to_datalake_dag to None, run_after=None
[2025-06-05T11:37:39.413+0000] {processor.py:183} INFO - Processing /opt/airflow/dags/dag_2datalake_from_crawl_dmcl.py took 1.008 seconds
[2025-06-05T11:38:06.554+0000] {processor.py:161} INFO - Started process (PID=801) to work on /opt/airflow/dags/dag_2datalake_from_crawl_dmcl.py
[2025-06-05T11:38:06.611+0000] {processor.py:830} INFO - Processing file /opt/airflow/dags/dag_2datalake_from_crawl_dmcl.py for tasks to queue
[2025-06-05T11:38:06.643+0000] {logging_mixin.py:188} INFO - [2025-06-05T11:38:06.643+0000] {dagbag.py:545} INFO - Filling up the DagBag from /opt/airflow/dags/dag_2datalake_from_crawl_dmcl.py
[2025-06-05T11:38:07.803+0000] {processor.py:840} INFO - DAG(s) 'upload_to_datalake_dag' retrieved from /opt/airflow/dags/dag_2datalake_from_crawl_dmcl.py
[2025-06-05T11:38:07.935+0000] {logging_mixin.py:188} INFO - [2025-06-05T11:38:07.934+0000] {dag.py:3096} INFO - Sync 1 DAGs
[2025-06-05T11:38:07.945+0000] {logging_mixin.py:188} INFO - [2025-06-05T11:38:07.945+0000] {dag.py:3954} INFO - Setting next_dagrun for upload_to_datalake_dag to None, run_after=None
[2025-06-05T11:38:07.966+0000] {processor.py:183} INFO - Processing /opt/airflow/dags/dag_2datalake_from_crawl_dmcl.py took 1.450 seconds
