[2025-06-09T10:48:02.458+0000] {local_task_job_runner.py:120} INFO - ::group::Pre task execution logs
[2025-06-09T10:48:02.492+0000] {taskinstance.py:2076} INFO - Dependencies all met for dep_context=non-requeueable deps ti=<TaskInstance: NetSuite_22to24_Daily_ToWarehouse_F98.Download_And_Upsert_F98 scheduled__2025-06-07T22:00:00+00:00 [queued]>
[2025-06-09T10:48:02.502+0000] {taskinstance.py:2076} INFO - Dependencies all met for dep_context=requeueable deps ti=<TaskInstance: NetSuite_22to24_Daily_ToWarehouse_F98.Download_And_Upsert_F98 scheduled__2025-06-07T22:00:00+00:00 [queued]>
[2025-06-09T10:48:02.502+0000] {taskinstance.py:2306} INFO - Starting attempt 1 of 1
[2025-06-09T10:48:02.518+0000] {taskinstance.py:2330} INFO - Executing <Task(PythonOperator): Download_And_Upsert_F98> on 2025-06-07 22:00:00+00:00
[2025-06-09T10:48:02.528+0000] {standard_task_runner.py:63} INFO - Started process 91 to run task
[2025-06-09T10:48:02.532+0000] {standard_task_runner.py:90} INFO - Running: ['***', 'tasks', 'run', 'NetSuite_22to24_Daily_ToWarehouse_F98', 'Download_And_Upsert_F98', 'scheduled__2025-06-07T22:00:00+00:00', '--job-id', '399', '--raw', '--subdir', 'DAGS_FOLDER/dag_netsuite_22to24.py', '--cfg-path', '/tmp/tmpvkji_zy7']
[2025-06-09T10:48:02.535+0000] {standard_task_runner.py:91} INFO - Job 399: Subtask Download_And_Upsert_F98
[2025-06-09T10:48:02.601+0000] {task_command.py:426} INFO - Running <TaskInstance: NetSuite_22to24_Daily_ToWarehouse_F98.Download_And_Upsert_F98 scheduled__2025-06-07T22:00:00+00:00 [running]> on host 87d36d91b2b5
[2025-06-09T10:48:02.692+0000] {taskinstance.py:2648} INFO - Exporting env vars: AIRFLOW_CTX_DAG_OWNER='***' AIRFLOW_CTX_DAG_ID='NetSuite_22to24_Daily_ToWarehouse_F98' AIRFLOW_CTX_TASK_ID='Download_And_Upsert_F98' AIRFLOW_CTX_EXECUTION_DATE='2025-06-07T22:00:00+00:00' AIRFLOW_CTX_TRY_NUMBER='1' AIRFLOW_CTX_DAG_RUN_ID='scheduled__2025-06-07T22:00:00+00:00'
[2025-06-09T10:48:02.693+0000] {taskinstance.py:430} INFO - ::endgroup::
[2025-06-09T10:48:36.096+0000] {logging_mixin.py:188} INFO - [F99] Preview nội dung: Type,Period,Date,Document Number,Status,Người đề nghị thanh toán,Tara - Approver LV 1,Tara - Approver LV 2,Tara - DNTT Approval Status,TARA - Approval Status,KMP,Memo,Tara _Document_Link,Transaction Type Detail
Invoice,Dec 2021,31/12/2021,OB21-INV-0042,Paid In Full,,,,,,"6408000 - Các khoản chiết khấu, hỗ trợ trên TOT",Opening Balance Mar 2022,,
Invoice,Dec 2021,31/12/2021,OB21-INV-0053,Paid In Full,,,,,,"6408000 - Các khoản chiết khấu, hỗ trợ trên TOT",Opening Balance Mar 2022,,
Invoice,Dec 202
[2025-06-09T10:48:39.621+0000] {logging_mixin.py:188} INFO - [F99] Dòng sau khi đọc vào pandas: 385033
[2025-06-09T10:48:40.068+0000] {logging_mixin.py:188} INFO - [F99] Số dòng sau khi lọc từ 01/01/2022 đến 31/12/2023: 193206
[2025-06-09T10:48:40.071+0000] {logging_mixin.py:188} INFO - [F99] Ghi chunk từ dòng 0 đến 50000
[2025-06-09T10:48:46.412+0000] {logging_mixin.py:188} INFO - [Datalake] Ghi thành công 50000 dòng vào "NetSuite"."F98_CustomSearch_4532_22to24"
[2025-06-09T10:48:46.427+0000] {logging_mixin.py:188} INFO - [F99] Ghi chunk từ dòng 50000 đến 100000
[2025-06-09T10:48:50.757+0000] {logging_mixin.py:188} INFO - [Datalake] Ghi thành công 50000 dòng vào "NetSuite"."F98_CustomSearch_4532_22to24"
[2025-06-09T10:48:50.775+0000] {logging_mixin.py:188} INFO - [F99] Ghi chunk từ dòng 100000 đến 150000
[2025-06-09T10:48:54.578+0000] {logging_mixin.py:188} INFO - [Datalake] Ghi thành công 50000 dòng vào "NetSuite"."F98_CustomSearch_4532_22to24"
[2025-06-09T10:48:54.588+0000] {logging_mixin.py:188} INFO - [F99] Ghi chunk từ dòng 150000 đến 193206
[2025-06-09T10:48:58.127+0000] {logging_mixin.py:188} INFO - [Datalake] Ghi thành công 43206 dòng vào "NetSuite"."F98_CustomSearch_4532_22to24"
[2025-06-09T10:48:58.153+0000] {python.py:237} INFO - Done. Returned value was: None
[2025-06-09T10:48:58.154+0000] {taskinstance.py:441} INFO - ::group::Post task execution logs
[2025-06-09T10:48:58.169+0000] {taskinstance.py:1206} INFO - Marking task as SUCCESS. dag_id=NetSuite_22to24_Daily_ToWarehouse_F98, task_id=Download_And_Upsert_F98, run_id=scheduled__2025-06-07T22:00:00+00:00, execution_date=20250607T220000, start_date=20250609T104802, end_date=20250609T104858
[2025-06-09T10:48:58.234+0000] {local_task_job_runner.py:240} INFO - Task exited with return code 0
[2025-06-09T10:48:58.325+0000] {taskinstance.py:3498} INFO - 1 downstream tasks scheduled from follow-on schedule check
[2025-06-09T10:48:58.328+0000] {local_task_job_runner.py:222} INFO - ::endgroup::
