[2025-06-09T06:39:34.675+0000] {local_task_job_runner.py:120} INFO - ::group::Pre task execution logs
[2025-06-09T06:39:34.737+0000] {taskinstance.py:2076} INFO - Dependencies all met for dep_context=non-requeueable deps ti=<TaskInstance: netsuite_4532_to_dwh.extract_from_netsuite scheduled__2024-02-25T00:00:00+00:00 [queued]>
[2025-06-09T06:39:34.754+0000] {taskinstance.py:2076} INFO - Dependencies all met for dep_context=requeueable deps ti=<TaskInstance: netsuite_4532_to_dwh.extract_from_netsuite scheduled__2024-02-25T00:00:00+00:00 [queued]>
[2025-06-09T06:39:34.755+0000] {taskinstance.py:2306} INFO - Starting attempt 1 of 1
[2025-06-09T06:39:34.803+0000] {taskinstance.py:2330} INFO - Executing <Task(PythonOperator): extract_from_netsuite> on 2024-02-25 00:00:00+00:00
[2025-06-09T06:39:34.811+0000] {standard_task_runner.py:63} INFO - Started process 203 to run task
[2025-06-09T06:39:34.850+0000] {standard_task_runner.py:90} INFO - Running: ['***', 'tasks', 'run', 'netsuite_4532_to_dwh', 'extract_from_netsuite', 'scheduled__2024-02-25T00:00:00+00:00', '--job-id', '257', '--raw', '--subdir', 'DAGS_FOLDER/netsuite_4532_dag.py', '--cfg-path', '/tmp/tmps25acnqo']
[2025-06-09T06:39:34.859+0000] {standard_task_runner.py:91} INFO - Job 257: Subtask extract_from_netsuite
[2025-06-09T06:39:35.453+0000] {task_command.py:426} INFO - Running <TaskInstance: netsuite_4532_to_dwh.extract_from_netsuite scheduled__2024-02-25T00:00:00+00:00 [running]> on host 6b5241449da9
[2025-06-09T06:39:36.223+0000] {taskinstance.py:2648} INFO - Exporting env vars: AIRFLOW_CTX_DAG_OWNER='***' AIRFLOW_CTX_DAG_ID='netsuite_4532_to_dwh' AIRFLOW_CTX_TASK_ID='extract_from_netsuite' AIRFLOW_CTX_EXECUTION_DATE='2024-02-25T00:00:00+00:00' AIRFLOW_CTX_TRY_NUMBER='1' AIRFLOW_CTX_DAG_RUN_ID='scheduled__2024-02-25T00:00:00+00:00'
[2025-06-09T06:39:36.272+0000] {taskinstance.py:430} INFO - ::endgroup::
[2025-06-09T06:39:38.106+0000] {taskinstance.py:441} INFO - ::group::Post task execution logs
[2025-06-09T06:39:38.108+0000] {taskinstance.py:2905} ERROR - Task failed with exception
Traceback (most recent call last):
  File "/usr/local/lib/python3.11/site-packages/airflow/models/taskinstance.py", line 465, in _execute_task
    result = _execute_callable(context=context, **execute_callable_kwargs)
             ^^^^^^^^^^^^^^^^^^^^^^^^^^^^^^^^^^^^^^^^^^^^^^^^^^^^^^^^^^^^^
  File "/usr/local/lib/python3.11/site-packages/airflow/models/taskinstance.py", line 432, in _execute_callable
    return execute_callable(context=context, **execute_callable_kwargs)
           ^^^^^^^^^^^^^^^^^^^^^^^^^^^^^^^^^^^^^^^^^^^^^^^^^^^^^^^^^^^^
  File "/usr/local/lib/python3.11/site-packages/airflow/models/baseoperator.py", line 400, in wrapper
    return func(self, *args, **kwargs)
           ^^^^^^^^^^^^^^^^^^^^^^^^^^^
  File "/usr/local/lib/python3.11/site-packages/airflow/operators/python.py", line 235, in execute
    return_value = self.execute_callable()
                   ^^^^^^^^^^^^^^^^^^^^^^^
  File "/usr/local/lib/python3.11/site-packages/airflow/operators/python.py", line 252, in execute_callable
    return self.python_callable(*self.op_args, **self.op_kwargs)
           ^^^^^^^^^^^^^^^^^^^^^^^^^^^^^^^^^^^^^^^^^^^^^^^^^^^^^
  File "/opt/airflow/dags/netsuite_4532_dag.py", line 43, in extract_from_netsuite
    raise Exception("❌ Đăng nhập NetSuite thất bại hoặc trả về HTML")
Exception: ❌ Đăng nhập NetSuite thất bại hoặc trả về HTML
[2025-06-09T06:39:38.225+0000] {taskinstance.py:1206} INFO - Marking task as FAILED. dag_id=netsuite_4532_to_dwh, task_id=extract_from_netsuite, run_id=scheduled__2024-02-25T00:00:00+00:00, execution_date=20240225T000000, start_date=20250609T063934, end_date=20250609T063938
[2025-06-09T06:39:38.412+0000] {standard_task_runner.py:110} ERROR - Failed to execute job 257 for task extract_from_netsuite (❌ Đăng nhập NetSuite thất bại hoặc trả về HTML; 203)
[2025-06-09T06:39:38.517+0000] {local_task_job_runner.py:240} INFO - Task exited with return code 1
[2025-06-09T06:39:38.736+0000] {taskinstance.py:3498} INFO - 0 downstream tasks scheduled from follow-on schedule check
[2025-06-09T06:39:38.807+0000] {local_task_job_runner.py:222} INFO - ::endgroup::
