[2025-06-05T11:35:23.326+0000] {local_task_job_runner.py:120} INFO - ::group::Pre task execution logs
[2025-06-05T11:35:23.351+0000] {taskinstance.py:2076} INFO - Dependencies all met for dep_context=non-requeueable deps ti=<TaskInstance: upload_to_datalake_dag.upload_to_product_price manual__2025-06-05T11:35:21.697210+00:00 [queued]>
[2025-06-05T11:35:23.359+0000] {taskinstance.py:2076} INFO - Dependencies all met for dep_context=requeueable deps ti=<TaskInstance: upload_to_datalake_dag.upload_to_product_price manual__2025-06-05T11:35:21.697210+00:00 [queued]>
[2025-06-05T11:35:23.360+0000] {taskinstance.py:2306} INFO - Starting attempt 1 of 2
[2025-06-05T11:35:23.374+0000] {taskinstance.py:2330} INFO - Executing <Task(PythonOperator): upload_to_product_price> on 2025-06-05 11:35:21.697210+00:00
[2025-06-05T11:35:23.379+0000] {standard_task_runner.py:63} INFO - Started process 44 to run task
[2025-06-05T11:35:23.382+0000] {standard_task_runner.py:90} INFO - Running: ['***', 'tasks', 'run', 'upload_to_datalake_dag', 'upload_to_product_price', 'manual__2025-06-05T11:35:21.697210+00:00', '--job-id', '180', '--raw', '--subdir', 'DAGS_FOLDER/dag_2datalake_from_crawl_dmcl.py', '--cfg-path', '/tmp/tmppuwzb65g']
[2025-06-05T11:35:23.385+0000] {standard_task_runner.py:91} INFO - Job 180: Subtask upload_to_product_price
[2025-06-05T11:35:23.440+0000] {task_command.py:426} INFO - Running <TaskInstance: upload_to_datalake_dag.upload_to_product_price manual__2025-06-05T11:35:21.697210+00:00 [running]> on host 547795a17871
[2025-06-05T11:35:23.529+0000] {taskinstance.py:2648} INFO - Exporting env vars: AIRFLOW_CTX_DAG_OWNER='***' AIRFLOW_CTX_DAG_ID='upload_to_datalake_dag' AIRFLOW_CTX_TASK_ID='upload_to_product_price' AIRFLOW_CTX_EXECUTION_DATE='2025-06-05T11:35:21.697210+00:00' AIRFLOW_CTX_TRY_NUMBER='1' AIRFLOW_CTX_DAG_RUN_ID='manual__2025-06-05T11:35:21.697210+00:00'
[2025-06-05T11:35:23.531+0000] {taskinstance.py:430} INFO - ::endgroup::
[2025-06-05T11:35:24.645+0000] {base.py:84} INFO - Using connection ID 'con_datalake' for task execution.
[2025-06-05T11:35:24.708+0000] {dag_2datalake_from_crawl_dmcl.py:62} INFO - Table product_price created or already exists in schema test_***.
[2025-06-05T11:35:24.988+0000] {dag_2datalake_from_crawl_dmcl.py:89} INFO - Inserted 52 rows into test_***.product_price.
[2025-06-05T11:35:24.989+0000] {python.py:237} INFO - Done. Returned value was: None
[2025-06-05T11:35:24.989+0000] {taskinstance.py:441} INFO - ::group::Post task execution logs
[2025-06-05T11:35:24.999+0000] {taskinstance.py:1206} INFO - Marking task as SUCCESS. dag_id=upload_to_datalake_dag, task_id=upload_to_product_price, run_id=manual__2025-06-05T11:35:21.697210+00:00, execution_date=20250605T113521, start_date=20250605T113523, end_date=20250605T113524
[2025-06-05T11:35:25.041+0000] {local_task_job_runner.py:240} INFO - Task exited with return code 0
[2025-06-05T11:35:25.065+0000] {taskinstance.py:3498} INFO - 0 downstream tasks scheduled from follow-on schedule check
[2025-06-05T11:35:25.070+0000] {local_task_job_runner.py:222} INFO - ::endgroup::
