[2025-06-09T06:44:10.429+0000] {local_task_job_runner.py:120} INFO - ::group::Pre task execution logs
[2025-06-09T06:44:10.546+0000] {taskinstance.py:2076} INFO - Dependencies all met for dep_context=non-requeueable deps ti=<TaskInstance: netsuite_4532_to_dwh.extract_from_netsuite scheduled__2024-05-23T00:00:00+00:00 [queued]>
[2025-06-09T06:44:10.584+0000] {taskinstance.py:2076} INFO - Dependencies all met for dep_context=requeueable deps ti=<TaskInstance: netsuite_4532_to_dwh.extract_from_netsuite scheduled__2024-05-23T00:00:00+00:00 [queued]>
[2025-06-09T06:44:10.586+0000] {taskinstance.py:2306} INFO - Starting attempt 1 of 1
[2025-06-09T06:44:10.646+0000] {taskinstance.py:2330} INFO - Executing <Task(PythonOperator): extract_from_netsuite> on 2024-05-23 00:00:00+00:00
[2025-06-09T06:44:10.674+0000] {standard_task_runner.py:63} INFO - Started process 467 to run task
[2025-06-09T06:44:10.681+0000] {standard_task_runner.py:90} INFO - Running: ['***', 'tasks', 'run', 'netsuite_4532_to_dwh', 'extract_from_netsuite', 'scheduled__2024-05-23T00:00:00+00:00', '--job-id', '345', '--raw', '--subdir', 'DAGS_FOLDER/netsuite_4532_dag.py', '--cfg-path', '/tmp/tmpdzxcvoz7']
[2025-06-09T06:44:10.689+0000] {standard_task_runner.py:91} INFO - Job 345: Subtask extract_from_netsuite
[2025-06-09T06:44:10.886+0000] {task_command.py:426} INFO - Running <TaskInstance: netsuite_4532_to_dwh.extract_from_netsuite scheduled__2024-05-23T00:00:00+00:00 [running]> on host 6b5241449da9
[2025-06-09T06:44:11.224+0000] {taskinstance.py:2648} INFO - Exporting env vars: AIRFLOW_CTX_DAG_OWNER='***' AIRFLOW_CTX_DAG_ID='netsuite_4532_to_dwh' AIRFLOW_CTX_TASK_ID='extract_from_netsuite' AIRFLOW_CTX_EXECUTION_DATE='2024-05-23T00:00:00+00:00' AIRFLOW_CTX_TRY_NUMBER='1' AIRFLOW_CTX_DAG_RUN_ID='scheduled__2024-05-23T00:00:00+00:00'
[2025-06-09T06:44:11.226+0000] {taskinstance.py:430} INFO - ::endgroup::
[2025-06-09T06:44:12.334+0000] {taskinstance.py:441} INFO - ::group::Post task execution logs
[2025-06-09T06:44:12.336+0000] {taskinstance.py:2905} ERROR - Task failed with exception
Traceback (most recent call last):
  File "/usr/local/lib/python3.11/site-packages/airflow/models/taskinstance.py", line 465, in _execute_task
    result = _execute_callable(context=context, **execute_callable_kwargs)
             ^^^^^^^^^^^^^^^^^^^^^^^^^^^^^^^^^^^^^^^^^^^^^^^^^^^^^^^^^^^^^
  File "/usr/local/lib/python3.11/site-packages/airflow/models/taskinstance.py", line 432, in _execute_callable
    return execute_callable(context=context, **execute_callable_kwargs)
           ^^^^^^^^^^^^^^^^^^^^^^^^^^^^^^^^^^^^^^^^^^^^^^^^^^^^^^^^^^^^
  File "/usr/local/lib/python3.11/site-packages/airflow/models/baseoperator.py", line 400, in wrapper
    return func(self, *args, **kwargs)
           ^^^^^^^^^^^^^^^^^^^^^^^^^^^
  File "/usr/local/lib/python3.11/site-packages/airflow/operators/python.py", line 235, in execute
    return_value = self.execute_callable()
                   ^^^^^^^^^^^^^^^^^^^^^^^
  File "/usr/local/lib/python3.11/site-packages/airflow/operators/python.py", line 252, in execute_callable
    return self.python_callable(*self.op_args, **self.op_kwargs)
           ^^^^^^^^^^^^^^^^^^^^^^^^^^^^^^^^^^^^^^^^^^^^^^^^^^^^^
  File "/opt/airflow/dags/netsuite_4532_dag.py", line 43, in extract_from_netsuite
    raise Exception("❌ Đăng nhập NetSuite thất bại hoặc trả về HTML")
Exception: ❌ Đăng nhập NetSuite thất bại hoặc trả về HTML
[2025-06-09T06:44:12.355+0000] {taskinstance.py:1206} INFO - Marking task as FAILED. dag_id=netsuite_4532_to_dwh, task_id=extract_from_netsuite, run_id=scheduled__2024-05-23T00:00:00+00:00, execution_date=20240523T000000, start_date=20250609T064410, end_date=20250609T064412
[2025-06-09T06:44:12.418+0000] {standard_task_runner.py:110} ERROR - Failed to execute job 345 for task extract_from_netsuite (❌ Đăng nhập NetSuite thất bại hoặc trả về HTML; 467)
[2025-06-09T06:44:12.447+0000] {local_task_job_runner.py:240} INFO - Task exited with return code 1
[2025-06-09T06:44:12.520+0000] {taskinstance.py:3498} INFO - 0 downstream tasks scheduled from follow-on schedule check
[2025-06-09T06:44:12.550+0000] {local_task_job_runner.py:222} INFO - ::endgroup::
