[2025-06-09T10:19:58.038+0000] {local_task_job_runner.py:120} INFO - ::group::Pre task execution logs
[2025-06-09T10:19:58.071+0000] {taskinstance.py:2076} INFO - Dependencies all met for dep_context=non-requeueable deps ti=<TaskInstance: NetSuite_Daily_ToWarehouse_F99.Download_And_Upsert_F99 manual__2025-06-09T10:19:53.051160+00:00 [queued]>
[2025-06-09T10:19:58.079+0000] {taskinstance.py:2076} INFO - Dependencies all met for dep_context=requeueable deps ti=<TaskInstance: NetSuite_Daily_ToWarehouse_F99.Download_And_Upsert_F99 manual__2025-06-09T10:19:53.051160+00:00 [queued]>
[2025-06-09T10:19:58.079+0000] {taskinstance.py:2306} INFO - Starting attempt 1 of 1
[2025-06-09T10:19:58.098+0000] {taskinstance.py:2330} INFO - Executing <Task(PythonOperator): Download_And_Upsert_F99> on 2025-06-09 10:19:53.051160+00:00
[2025-06-09T10:19:58.106+0000] {standard_task_runner.py:63} INFO - Started process 79 to run task
[2025-06-09T10:19:58.109+0000] {standard_task_runner.py:90} INFO - Running: ['***', 'tasks', 'run', 'NetSuite_Daily_ToWarehouse_F99', 'Download_And_Upsert_F99', 'manual__2025-06-09T10:19:53.051160+00:00', '--job-id', '395', '--raw', '--subdir', 'DAGS_FOLDER/dag_netsuite.py', '--cfg-path', '/tmp/tmp90z3pygl']
[2025-06-09T10:19:58.112+0000] {standard_task_runner.py:91} INFO - Job 395: Subtask Download_And_Upsert_F99
[2025-06-09T10:19:58.163+0000] {task_command.py:426} INFO - Running <TaskInstance: NetSuite_Daily_ToWarehouse_F99.Download_And_Upsert_F99 manual__2025-06-09T10:19:53.051160+00:00 [running]> on host 87d36d91b2b5
[2025-06-09T10:19:58.260+0000] {taskinstance.py:2648} INFO - Exporting env vars: AIRFLOW_CTX_DAG_OWNER='***' AIRFLOW_CTX_DAG_ID='NetSuite_Daily_ToWarehouse_F99' AIRFLOW_CTX_TASK_ID='Download_And_Upsert_F99' AIRFLOW_CTX_EXECUTION_DATE='2025-06-09T10:19:53.051160+00:00' AIRFLOW_CTX_TRY_NUMBER='1' AIRFLOW_CTX_DAG_RUN_ID='manual__2025-06-09T10:19:53.051160+00:00'
[2025-06-09T10:19:58.261+0000] {taskinstance.py:430} INFO - ::endgroup::
[2025-06-09T10:20:33.291+0000] {logging_mixin.py:188} INFO - [F99] Preview nội dung: Type,Period,Date,Document Number,Status,Người đề nghị thanh toán,Tara - Approver LV 1,Tara - Approver LV 2,Tara - DNTT Approval Status,TARA - Approval Status,KMP,Memo,Tara _Document_Link,Transaction Type Detail
Invoice,Dec 2021,31/12/2021,OB21-INV-0042,Paid In Full,,,,,,"6408000 - Các khoản chiết khấu, hỗ trợ trên TOT",Opening Balance Mar 2022,,
Invoice,Dec 2021,31/12/2021,OB21-INV-0053,Paid In Full,,,,,,"6408000 - Các khoản chiết khấu, hỗ trợ trên TOT",Opening Balance Mar 2022,,
Invoice,Dec 202
[2025-06-09T10:20:35.910+0000] {logging_mixin.py:188} INFO - [F99] Dòng sau khi đọc vào pandas: 385030
[2025-06-09T10:20:36.101+0000] {logging_mixin.py:188} INFO - [F99] Số dòng sau khi lọc từ 01/01/2024: 186719
[2025-06-09T10:20:53.575+0000] {logging_mixin.py:188} INFO - [Datalake] Ghi thành công 186719 dòng vào "NetSuite"."F99_CustomSearch_4532"
[2025-06-09T10:20:53.646+0000] {python.py:237} INFO - Done. Returned value was: None
[2025-06-09T10:20:53.652+0000] {taskinstance.py:441} INFO - ::group::Post task execution logs
[2025-06-09T10:20:53.682+0000] {taskinstance.py:1206} INFO - Marking task as SUCCESS. dag_id=NetSuite_Daily_ToWarehouse_F99, task_id=Download_And_Upsert_F99, run_id=manual__2025-06-09T10:19:53.051160+00:00, execution_date=20250609T101953, start_date=20250609T101958, end_date=20250609T102053
[2025-06-09T10:20:53.944+0000] {local_task_job_runner.py:240} INFO - Task exited with return code 0
[2025-06-09T10:20:54.421+0000] {taskinstance.py:3498} INFO - 1 downstream tasks scheduled from follow-on schedule check
[2025-06-09T10:20:54.432+0000] {local_task_job_runner.py:222} INFO - ::endgroup::
