[2025-06-09T09:38:01.728+0000] {local_task_job_runner.py:120} INFO - ::group::Pre task execution logs
[2025-06-09T09:38:01.772+0000] {taskinstance.py:2076} INFO - Dependencies all met for dep_context=non-requeueable deps ti=<TaskInstance: NetSuite_Daily_ToWarehouse_F99.Download_And_Upsert_F99 manual__2025-06-09T09:37:58.529592+00:00 [queued]>
[2025-06-09T09:38:01.781+0000] {taskinstance.py:2076} INFO - Dependencies all met for dep_context=requeueable deps ti=<TaskInstance: NetSuite_Daily_ToWarehouse_F99.Download_And_Upsert_F99 manual__2025-06-09T09:37:58.529592+00:00 [queued]>
[2025-06-09T09:38:01.781+0000] {taskinstance.py:2306} INFO - Starting attempt 1 of 1
[2025-06-09T09:38:01.797+0000] {taskinstance.py:2330} INFO - Executing <Task(PythonOperator): Download_And_Upsert_F99> on 2025-06-09 09:37:58.529592+00:00
[2025-06-09T09:38:01.803+0000] {standard_task_runner.py:63} INFO - Started process 55 to run task
[2025-06-09T09:38:01.807+0000] {standard_task_runner.py:90} INFO - Running: ['***', 'tasks', 'run', 'NetSuite_Daily_ToWarehouse_F99', 'Download_And_Upsert_F99', 'manual__2025-06-09T09:37:58.529592+00:00', '--job-id', '387', '--raw', '--subdir', 'DAGS_FOLDER/dag_netsuite.py', '--cfg-path', '/tmp/tmppruybe4v']
[2025-06-09T09:38:01.810+0000] {standard_task_runner.py:91} INFO - Job 387: Subtask Download_And_Upsert_F99
[2025-06-09T09:38:01.861+0000] {task_command.py:426} INFO - Running <TaskInstance: NetSuite_Daily_ToWarehouse_F99.Download_And_Upsert_F99 manual__2025-06-09T09:37:58.529592+00:00 [running]> on host 87d36d91b2b5
[2025-06-09T09:38:01.994+0000] {taskinstance.py:2648} INFO - Exporting env vars: AIRFLOW_CTX_DAG_OWNER='***' AIRFLOW_CTX_DAG_ID='NetSuite_Daily_ToWarehouse_F99' AIRFLOW_CTX_TASK_ID='Download_And_Upsert_F99' AIRFLOW_CTX_EXECUTION_DATE='2025-06-09T09:37:58.529592+00:00' AIRFLOW_CTX_TRY_NUMBER='1' AIRFLOW_CTX_DAG_RUN_ID='manual__2025-06-09T09:37:58.529592+00:00'
[2025-06-09T09:38:01.995+0000] {taskinstance.py:430} INFO - ::endgroup::
[2025-06-09T09:38:38.109+0000] {logging_mixin.py:188} INFO - [F99] Preview nội dung: Type,Period,Date,Document Number,Status,Người đề nghị thanh toán,Tara - Approver LV 1,Tara - Approver LV 2,Tara - DNTT Approval Status,TARA - Approval Status,KMP,Memo,Tara _Document_Link,Transaction Type Detail
Invoice,Dec 2021,31/12/2021,OB21-INV-0042,Paid In Full,,,,,,"6408000 - Các khoản chiết khấu, hỗ trợ trên TOT",Opening Balance Mar 2022,,
Invoice,Dec 2021,31/12/2021,OB21-INV-0053,Paid In Full,,,,,,"6408000 - Các khoản chiết khấu, hỗ trợ trên TOT",Opening Balance Mar 2022,,
Invoice,Dec 202
[2025-06-09T09:38:40.367+0000] {logging_mixin.py:188} INFO - [F99] Số dòng đọc được: 385009
[2025-06-09T09:39:19.658+0000] {logging_mixin.py:188} INFO - [Datalake] Ghi thành công 385009 dòng vào "NetSuite"."F99_CustomSearch_4532"
[2025-06-09T09:39:19.996+0000] {python.py:237} INFO - Done. Returned value was: None
[2025-06-09T09:39:19.997+0000] {taskinstance.py:441} INFO - ::group::Post task execution logs
[2025-06-09T09:39:20.007+0000] {taskinstance.py:1206} INFO - Marking task as SUCCESS. dag_id=NetSuite_Daily_ToWarehouse_F99, task_id=Download_And_Upsert_F99, run_id=manual__2025-06-09T09:37:58.529592+00:00, execution_date=20250609T093758, start_date=20250609T093801, end_date=20250609T093920
[2025-06-09T09:39:20.122+0000] {local_task_job_runner.py:240} INFO - Task exited with return code 0
[2025-06-09T09:39:20.237+0000] {taskinstance.py:3498} INFO - 0 downstream tasks scheduled from follow-on schedule check
[2025-06-09T09:39:20.239+0000] {local_task_job_runner.py:222} INFO - ::endgroup::
