[2025-06-09T10:49:07.349+0000] {local_task_job_runner.py:120} INFO - ::group::Pre task execution logs
[2025-06-09T10:49:07.380+0000] {taskinstance.py:2076} INFO - Dependencies all met for dep_context=non-requeueable deps ti=<TaskInstance: NetSuite_22to24_Daily_ToWarehouse_F98.Download_And_Upsert_F98 manual__2025-06-09T10:48:03.258926+00:00 [queued]>
[2025-06-09T10:49:07.390+0000] {taskinstance.py:2076} INFO - Dependencies all met for dep_context=requeueable deps ti=<TaskInstance: NetSuite_22to24_Daily_ToWarehouse_F98.Download_And_Upsert_F98 manual__2025-06-09T10:48:03.258926+00:00 [queued]>
[2025-06-09T10:49:07.391+0000] {taskinstance.py:2306} INFO - Starting attempt 1 of 1
[2025-06-09T10:49:07.408+0000] {taskinstance.py:2330} INFO - Executing <Task(PythonOperator): Download_And_Upsert_F98> on 2025-06-09 10:48:03.258926+00:00
[2025-06-09T10:49:07.414+0000] {standard_task_runner.py:63} INFO - Started process 97 to run task
[2025-06-09T10:49:07.417+0000] {standard_task_runner.py:90} INFO - Running: ['***', 'tasks', 'run', 'NetSuite_22to24_Daily_ToWarehouse_F98', 'Download_And_Upsert_F98', 'manual__2025-06-09T10:48:03.258926+00:00', '--job-id', '401', '--raw', '--subdir', 'DAGS_FOLDER/dag_netsuite_22to24.py', '--cfg-path', '/tmp/tmpkqb_8qi3']
[2025-06-09T10:49:07.422+0000] {standard_task_runner.py:91} INFO - Job 401: Subtask Download_And_Upsert_F98
[2025-06-09T10:49:07.484+0000] {task_command.py:426} INFO - Running <TaskInstance: NetSuite_22to24_Daily_ToWarehouse_F98.Download_And_Upsert_F98 manual__2025-06-09T10:48:03.258926+00:00 [running]> on host 87d36d91b2b5
[2025-06-09T10:49:07.590+0000] {taskinstance.py:2648} INFO - Exporting env vars: AIRFLOW_CTX_DAG_OWNER='***' AIRFLOW_CTX_DAG_ID='NetSuite_22to24_Daily_ToWarehouse_F98' AIRFLOW_CTX_TASK_ID='Download_And_Upsert_F98' AIRFLOW_CTX_EXECUTION_DATE='2025-06-09T10:48:03.258926+00:00' AIRFLOW_CTX_TRY_NUMBER='1' AIRFLOW_CTX_DAG_RUN_ID='manual__2025-06-09T10:48:03.258926+00:00'
[2025-06-09T10:49:07.591+0000] {taskinstance.py:430} INFO - ::endgroup::
[2025-06-09T10:49:34.284+0000] {logging_mixin.py:188} INFO - [F99] Preview nội dung: Type,Period,Date,Document Number,Status,Người đề nghị thanh toán,Tara - Approver LV 1,Tara - Approver LV 2,Tara - DNTT Approval Status,TARA - Approval Status,KMP,Memo,Tara _Document_Link,Transaction Type Detail
Invoice,Dec 2021,31/12/2021,OB21-INV-0042,Paid In Full,,,,,,"6408000 - Các khoản chiết khấu, hỗ trợ trên TOT",Opening Balance Mar 2022,,
Invoice,Dec 2021,31/12/2021,OB21-INV-0053,Paid In Full,,,,,,"6408000 - Các khoản chiết khấu, hỗ trợ trên TOT",Opening Balance Mar 2022,,
Invoice,Dec 202
[2025-06-09T10:49:36.078+0000] {logging_mixin.py:188} INFO - [F99] Dòng sau khi đọc vào pandas: 385033
[2025-06-09T10:49:36.193+0000] {logging_mixin.py:188} INFO - [F99] Số dòng sau khi lọc từ 01/01/2022 đến 31/12/2023: 193206
[2025-06-09T10:49:36.194+0000] {logging_mixin.py:188} INFO - [F99] Ghi chunk từ dòng 0 đến 50000
[2025-06-09T10:49:41.960+0000] {logging_mixin.py:188} INFO - [Datalake] Ghi thành công 50000 dòng vào "NetSuite"."F98_CustomSearch_4532_22to24"
[2025-06-09T10:49:42.035+0000] {logging_mixin.py:188} INFO - [F99] Ghi chunk từ dòng 50000 đến 100000
[2025-06-09T10:49:51.624+0000] {logging_mixin.py:188} INFO - [Datalake] Ghi thành công 50000 dòng vào "NetSuite"."F98_CustomSearch_4532_22to24"
[2025-06-09T10:49:51.666+0000] {logging_mixin.py:188} INFO - [F99] Ghi chunk từ dòng 100000 đến 150000
[2025-06-09T10:49:57.103+0000] {logging_mixin.py:188} INFO - [Datalake] Ghi thành công 50000 dòng vào "NetSuite"."F98_CustomSearch_4532_22to24"
[2025-06-09T10:49:57.120+0000] {logging_mixin.py:188} INFO - [F99] Ghi chunk từ dòng 150000 đến 193206
[2025-06-09T10:50:00.968+0000] {logging_mixin.py:188} INFO - [Datalake] Ghi thành công 43206 dòng vào "NetSuite"."F98_CustomSearch_4532_22to24"
[2025-06-09T10:50:01.032+0000] {python.py:237} INFO - Done. Returned value was: None
[2025-06-09T10:50:01.034+0000] {taskinstance.py:441} INFO - ::group::Post task execution logs
[2025-06-09T10:50:01.059+0000] {taskinstance.py:1206} INFO - Marking task as SUCCESS. dag_id=NetSuite_22to24_Daily_ToWarehouse_F98, task_id=Download_And_Upsert_F98, run_id=manual__2025-06-09T10:48:03.258926+00:00, execution_date=20250609T104803, start_date=20250609T104907, end_date=20250609T105001
[2025-06-09T10:50:01.125+0000] {local_task_job_runner.py:240} INFO - Task exited with return code 0
[2025-06-09T10:50:01.274+0000] {taskinstance.py:3498} INFO - 1 downstream tasks scheduled from follow-on schedule check
[2025-06-09T10:50:01.276+0000] {local_task_job_runner.py:222} INFO - ::endgroup::
