[2025-06-09T10:41:06.974+0000] {processor.py:161} INFO - Started process (PID=5898) to work on /opt/airflow/dags/dag_netsuite_22to24.py
[2025-06-09T10:41:06.975+0000] {processor.py:830} INFO - Processing file /opt/airflow/dags/dag_netsuite_22to24.py for tasks to queue
[2025-06-09T10:41:06.977+0000] {logging_mixin.py:188} INFO - [2025-06-09T10:41:06.977+0000] {dagbag.py:545} INFO - Filling up the DagBag from /opt/airflow/dags/dag_netsuite_22to24.py
[2025-06-09T10:41:07.741+0000] {processor.py:840} INFO - DAG(s) 'NetSuite_Daily_ToWarehouse_F99' retrieved from /opt/airflow/dags/dag_netsuite_22to24.py
[2025-06-09T10:41:08.114+0000] {logging_mixin.py:188} INFO - [2025-06-09T10:41:08.114+0000] {dag.py:3096} INFO - Sync 1 DAGs
[2025-06-09T10:41:08.149+0000] {logging_mixin.py:188} INFO - [2025-06-09T10:41:08.148+0000] {dag.py:3954} INFO - Setting next_dagrun for NetSuite_Daily_ToWarehouse_F99 to 2025-06-08T22:00:00+00:00, run_after=2025-06-09T22:00:00+00:00
[2025-06-09T10:41:08.179+0000] {processor.py:183} INFO - Processing /opt/airflow/dags/dag_netsuite_22to24.py took 1.213 seconds
[2025-06-09T10:41:38.884+0000] {processor.py:161} INFO - Started process (PID=5937) to work on /opt/airflow/dags/dag_netsuite_22to24.py
[2025-06-09T10:41:38.885+0000] {processor.py:830} INFO - Processing file /opt/airflow/dags/dag_netsuite_22to24.py for tasks to queue
[2025-06-09T10:41:38.887+0000] {logging_mixin.py:188} INFO - [2025-06-09T10:41:38.887+0000] {dagbag.py:545} INFO - Filling up the DagBag from /opt/airflow/dags/dag_netsuite_22to24.py
[2025-06-09T10:41:39.414+0000] {processor.py:840} INFO - DAG(s) 'NetSuite_Daily_ToWarehouse_F99' retrieved from /opt/airflow/dags/dag_netsuite_22to24.py
[2025-06-09T10:41:39.441+0000] {logging_mixin.py:188} INFO - [2025-06-09T10:41:39.441+0000] {dag.py:3096} INFO - Sync 1 DAGs
[2025-06-09T10:41:39.460+0000] {logging_mixin.py:188} INFO - [2025-06-09T10:41:39.460+0000] {dag.py:3954} INFO - Setting next_dagrun for NetSuite_Daily_ToWarehouse_F99 to 2025-06-08T22:00:00+00:00, run_after=2025-06-09T22:00:00+00:00
[2025-06-09T10:41:39.479+0000] {processor.py:183} INFO - Processing /opt/airflow/dags/dag_netsuite_22to24.py took 0.603 seconds
[2025-06-09T10:41:39.941+0000] {processor.py:161} INFO - Started process (PID=5942) to work on /opt/airflow/dags/dag_netsuite_22to24.py
[2025-06-09T10:41:39.942+0000] {processor.py:830} INFO - Processing file /opt/airflow/dags/dag_netsuite_22to24.py for tasks to queue
[2025-06-09T10:41:39.945+0000] {logging_mixin.py:188} INFO - [2025-06-09T10:41:39.944+0000] {dagbag.py:545} INFO - Filling up the DagBag from /opt/airflow/dags/dag_netsuite_22to24.py
[2025-06-09T10:41:40.443+0000] {processor.py:840} INFO - DAG(s) 'NetSuite_Daily_ToWarehouse_F99' retrieved from /opt/airflow/dags/dag_netsuite_22to24.py
[2025-06-09T10:41:40.470+0000] {logging_mixin.py:188} INFO - [2025-06-09T10:41:40.469+0000] {dag.py:3096} INFO - Sync 1 DAGs
[2025-06-09T10:41:40.495+0000] {logging_mixin.py:188} INFO - [2025-06-09T10:41:40.495+0000] {dag.py:3954} INFO - Setting next_dagrun for NetSuite_Daily_ToWarehouse_F99 to 2025-06-08T22:00:00+00:00, run_after=2025-06-09T22:00:00+00:00
[2025-06-09T10:41:40.525+0000] {processor.py:183} INFO - Processing /opt/airflow/dags/dag_netsuite_22to24.py took 0.591 seconds
[2025-06-09T10:42:01.266+0000] {processor.py:161} INFO - Started process (PID=5981) to work on /opt/airflow/dags/dag_netsuite_22to24.py
[2025-06-09T10:42:01.267+0000] {processor.py:830} INFO - Processing file /opt/airflow/dags/dag_netsuite_22to24.py for tasks to queue
[2025-06-09T10:42:01.269+0000] {logging_mixin.py:188} INFO - [2025-06-09T10:42:01.269+0000] {dagbag.py:545} INFO - Filling up the DagBag from /opt/airflow/dags/dag_netsuite_22to24.py
[2025-06-09T10:42:01.778+0000] {processor.py:840} INFO - DAG(s) 'NetSuite_22to24_Daily_ToWarehouse_F99' retrieved from /opt/airflow/dags/dag_netsuite_22to24.py
[2025-06-09T10:42:01.896+0000] {logging_mixin.py:188} INFO - [2025-06-09T10:42:01.895+0000] {override.py:1930} INFO - Created Permission View: can read on DAG:NetSuite_22to24_Daily_ToWarehouse_F99
[2025-06-09T10:42:01.906+0000] {logging_mixin.py:188} INFO - [2025-06-09T10:42:01.906+0000] {override.py:1930} INFO - Created Permission View: can edit on DAG:NetSuite_22to24_Daily_ToWarehouse_F99
[2025-06-09T10:42:01.913+0000] {logging_mixin.py:188} INFO - [2025-06-09T10:42:01.913+0000] {override.py:1930} INFO - Created Permission View: can delete on DAG:NetSuite_22to24_Daily_ToWarehouse_F99
[2025-06-09T10:42:01.915+0000] {logging_mixin.py:188} INFO - [2025-06-09T10:42:01.914+0000] {dag.py:3096} INFO - Sync 1 DAGs
[2025-06-09T10:42:01.925+0000] {logging_mixin.py:188} INFO - [2025-06-09T10:42:01.925+0000] {dag.py:3118} INFO - Creating ORM DAG for NetSuite_22to24_Daily_ToWarehouse_F99
[2025-06-09T10:42:01.935+0000] {logging_mixin.py:188} INFO - [2025-06-09T10:42:01.935+0000] {dag.py:3954} INFO - Setting next_dagrun for NetSuite_22to24_Daily_ToWarehouse_F99 to 2025-06-07T22:00:00+00:00, run_after=2025-06-08T22:00:00+00:00
[2025-06-09T10:42:01.956+0000] {processor.py:183} INFO - Processing /opt/airflow/dags/dag_netsuite_22to24.py took 0.699 seconds
[2025-06-09T10:42:32.057+0000] {processor.py:161} INFO - Started process (PID=6020) to work on /opt/airflow/dags/dag_netsuite_22to24.py
[2025-06-09T10:42:32.058+0000] {processor.py:830} INFO - Processing file /opt/airflow/dags/dag_netsuite_22to24.py for tasks to queue
[2025-06-09T10:42:32.059+0000] {logging_mixin.py:188} INFO - [2025-06-09T10:42:32.059+0000] {dagbag.py:545} INFO - Filling up the DagBag from /opt/airflow/dags/dag_netsuite_22to24.py
[2025-06-09T10:42:32.584+0000] {processor.py:840} INFO - DAG(s) 'NetSuite_22to24_Daily_ToWarehouse_F99' retrieved from /opt/airflow/dags/dag_netsuite_22to24.py
[2025-06-09T10:42:32.610+0000] {logging_mixin.py:188} INFO - [2025-06-09T10:42:32.610+0000] {dag.py:3096} INFO - Sync 1 DAGs
[2025-06-09T10:42:32.633+0000] {logging_mixin.py:188} INFO - [2025-06-09T10:42:32.633+0000] {dag.py:3954} INFO - Setting next_dagrun for NetSuite_22to24_Daily_ToWarehouse_F99 to 2025-06-07T22:00:00+00:00, run_after=2025-06-08T22:00:00+00:00
[2025-06-09T10:42:32.650+0000] {processor.py:183} INFO - Processing /opt/airflow/dags/dag_netsuite_22to24.py took 0.600 seconds
[2025-06-09T10:43:02.784+0000] {processor.py:161} INFO - Started process (PID=6054) to work on /opt/airflow/dags/dag_netsuite_22to24.py
[2025-06-09T10:43:02.786+0000] {processor.py:830} INFO - Processing file /opt/airflow/dags/dag_netsuite_22to24.py for tasks to queue
[2025-06-09T10:43:02.790+0000] {logging_mixin.py:188} INFO - [2025-06-09T10:43:02.790+0000] {dagbag.py:545} INFO - Filling up the DagBag from /opt/airflow/dags/dag_netsuite_22to24.py
[2025-06-09T10:43:03.371+0000] {processor.py:840} INFO - DAG(s) 'NetSuite_22to24_Daily_ToWarehouse_F99' retrieved from /opt/airflow/dags/dag_netsuite_22to24.py
[2025-06-09T10:43:03.396+0000] {logging_mixin.py:188} INFO - [2025-06-09T10:43:03.395+0000] {dag.py:3096} INFO - Sync 1 DAGs
[2025-06-09T10:43:03.418+0000] {logging_mixin.py:188} INFO - [2025-06-09T10:43:03.418+0000] {dag.py:3954} INFO - Setting next_dagrun for NetSuite_22to24_Daily_ToWarehouse_F99 to 2025-06-07T22:00:00+00:00, run_after=2025-06-08T22:00:00+00:00
[2025-06-09T10:43:03.443+0000] {processor.py:183} INFO - Processing /opt/airflow/dags/dag_netsuite_22to24.py took 0.668 seconds
[2025-06-09T10:43:33.623+0000] {processor.py:161} INFO - Started process (PID=6093) to work on /opt/airflow/dags/dag_netsuite_22to24.py
[2025-06-09T10:43:33.624+0000] {processor.py:830} INFO - Processing file /opt/airflow/dags/dag_netsuite_22to24.py for tasks to queue
[2025-06-09T10:43:33.626+0000] {logging_mixin.py:188} INFO - [2025-06-09T10:43:33.625+0000] {dagbag.py:545} INFO - Filling up the DagBag from /opt/airflow/dags/dag_netsuite_22to24.py
[2025-06-09T10:43:34.481+0000] {processor.py:840} INFO - DAG(s) 'NetSuite_22to24_Daily_ToWarehouse_F99' retrieved from /opt/airflow/dags/dag_netsuite_22to24.py
[2025-06-09T10:43:34.507+0000] {logging_mixin.py:188} INFO - [2025-06-09T10:43:34.507+0000] {dag.py:3096} INFO - Sync 1 DAGs
[2025-06-09T10:43:34.541+0000] {logging_mixin.py:188} INFO - [2025-06-09T10:43:34.540+0000] {dag.py:3954} INFO - Setting next_dagrun for NetSuite_22to24_Daily_ToWarehouse_F99 to 2025-06-07T22:00:00+00:00, run_after=2025-06-08T22:00:00+00:00
[2025-06-09T10:43:34.559+0000] {processor.py:183} INFO - Processing /opt/airflow/dags/dag_netsuite_22to24.py took 0.946 seconds
[2025-06-09T10:44:04.900+0000] {processor.py:161} INFO - Started process (PID=6132) to work on /opt/airflow/dags/dag_netsuite_22to24.py
[2025-06-09T10:44:04.902+0000] {processor.py:830} INFO - Processing file /opt/airflow/dags/dag_netsuite_22to24.py for tasks to queue
[2025-06-09T10:44:04.904+0000] {logging_mixin.py:188} INFO - [2025-06-09T10:44:04.904+0000] {dagbag.py:545} INFO - Filling up the DagBag from /opt/airflow/dags/dag_netsuite_22to24.py
[2025-06-09T10:44:05.768+0000] {processor.py:840} INFO - DAG(s) 'NetSuite_22to24_Daily_ToWarehouse_F99' retrieved from /opt/airflow/dags/dag_netsuite_22to24.py
[2025-06-09T10:44:05.835+0000] {logging_mixin.py:188} INFO - [2025-06-09T10:44:05.835+0000] {dag.py:3096} INFO - Sync 1 DAGs
[2025-06-09T10:44:05.887+0000] {logging_mixin.py:188} INFO - [2025-06-09T10:44:05.887+0000] {dag.py:3954} INFO - Setting next_dagrun for NetSuite_22to24_Daily_ToWarehouse_F99 to 2025-06-07T22:00:00+00:00, run_after=2025-06-08T22:00:00+00:00
[2025-06-09T10:44:05.963+0000] {processor.py:183} INFO - Processing /opt/airflow/dags/dag_netsuite_22to24.py took 1.071 seconds
[2025-06-09T10:44:07.068+0000] {processor.py:161} INFO - Started process (PID=6142) to work on /opt/airflow/dags/dag_netsuite_22to24.py
[2025-06-09T10:44:07.069+0000] {processor.py:830} INFO - Processing file /opt/airflow/dags/dag_netsuite_22to24.py for tasks to queue
[2025-06-09T10:44:07.071+0000] {logging_mixin.py:188} INFO - [2025-06-09T10:44:07.070+0000] {dagbag.py:545} INFO - Filling up the DagBag from /opt/airflow/dags/dag_netsuite_22to24.py
[2025-06-09T10:44:07.901+0000] {processor.py:840} INFO - DAG(s) 'NetSuite_22to24_Daily_ToWarehouse_F98' retrieved from /opt/airflow/dags/dag_netsuite_22to24.py
[2025-06-09T10:44:08.038+0000] {logging_mixin.py:188} INFO - [2025-06-09T10:44:08.037+0000] {override.py:1930} INFO - Created Permission View: can read on DAG:NetSuite_22to24_Daily_ToWarehouse_F98
[2025-06-09T10:44:08.047+0000] {logging_mixin.py:188} INFO - [2025-06-09T10:44:08.047+0000] {override.py:1930} INFO - Created Permission View: can edit on DAG:NetSuite_22to24_Daily_ToWarehouse_F98
[2025-06-09T10:44:08.056+0000] {logging_mixin.py:188} INFO - [2025-06-09T10:44:08.056+0000] {override.py:1930} INFO - Created Permission View: can delete on DAG:NetSuite_22to24_Daily_ToWarehouse_F98
[2025-06-09T10:44:08.057+0000] {logging_mixin.py:188} INFO - [2025-06-09T10:44:08.057+0000] {dag.py:3096} INFO - Sync 1 DAGs
[2025-06-09T10:44:08.068+0000] {logging_mixin.py:188} INFO - [2025-06-09T10:44:08.068+0000] {dag.py:3118} INFO - Creating ORM DAG for NetSuite_22to24_Daily_ToWarehouse_F98
[2025-06-09T10:44:08.077+0000] {logging_mixin.py:188} INFO - [2025-06-09T10:44:08.077+0000] {dag.py:3954} INFO - Setting next_dagrun for NetSuite_22to24_Daily_ToWarehouse_F98 to 2025-06-07T22:00:00+00:00, run_after=2025-06-08T22:00:00+00:00
[2025-06-09T10:44:08.094+0000] {processor.py:183} INFO - Processing /opt/airflow/dags/dag_netsuite_22to24.py took 1.034 seconds
[2025-06-09T10:44:39.054+0000] {processor.py:161} INFO - Started process (PID=6181) to work on /opt/airflow/dags/dag_netsuite_22to24.py
[2025-06-09T10:44:39.055+0000] {processor.py:830} INFO - Processing file /opt/airflow/dags/dag_netsuite_22to24.py for tasks to queue
[2025-06-09T10:44:39.057+0000] {logging_mixin.py:188} INFO - [2025-06-09T10:44:39.057+0000] {dagbag.py:545} INFO - Filling up the DagBag from /opt/airflow/dags/dag_netsuite_22to24.py
[2025-06-09T10:44:39.646+0000] {processor.py:840} INFO - DAG(s) 'NetSuite_22to24_Daily_ToWarehouse_F98' retrieved from /opt/airflow/dags/dag_netsuite_22to24.py
[2025-06-09T10:44:39.670+0000] {logging_mixin.py:188} INFO - [2025-06-09T10:44:39.669+0000] {dag.py:3096} INFO - Sync 1 DAGs
[2025-06-09T10:44:39.688+0000] {logging_mixin.py:188} INFO - [2025-06-09T10:44:39.688+0000] {dag.py:3954} INFO - Setting next_dagrun for NetSuite_22to24_Daily_ToWarehouse_F98 to 2025-06-07T22:00:00+00:00, run_after=2025-06-08T22:00:00+00:00
[2025-06-09T10:44:39.707+0000] {processor.py:183} INFO - Processing /opt/airflow/dags/dag_netsuite_22to24.py took 0.660 seconds
[2025-06-09T10:45:09.878+0000] {processor.py:161} INFO - Started process (PID=6220) to work on /opt/airflow/dags/dag_netsuite_22to24.py
[2025-06-09T10:45:09.879+0000] {processor.py:830} INFO - Processing file /opt/airflow/dags/dag_netsuite_22to24.py for tasks to queue
[2025-06-09T10:45:09.880+0000] {logging_mixin.py:188} INFO - [2025-06-09T10:45:09.880+0000] {dagbag.py:545} INFO - Filling up the DagBag from /opt/airflow/dags/dag_netsuite_22to24.py
[2025-06-09T10:45:10.392+0000] {processor.py:840} INFO - DAG(s) 'NetSuite_22to24_Daily_ToWarehouse_F98' retrieved from /opt/airflow/dags/dag_netsuite_22to24.py
[2025-06-09T10:45:10.420+0000] {logging_mixin.py:188} INFO - [2025-06-09T10:45:10.420+0000] {dag.py:3096} INFO - Sync 1 DAGs
[2025-06-09T10:45:10.440+0000] {logging_mixin.py:188} INFO - [2025-06-09T10:45:10.440+0000] {dag.py:3954} INFO - Setting next_dagrun for NetSuite_22to24_Daily_ToWarehouse_F98 to 2025-06-07T22:00:00+00:00, run_after=2025-06-08T22:00:00+00:00
[2025-06-09T10:45:10.458+0000] {processor.py:183} INFO - Processing /opt/airflow/dags/dag_netsuite_22to24.py took 0.587 seconds
[2025-06-09T10:45:41.220+0000] {processor.py:161} INFO - Started process (PID=6259) to work on /opt/airflow/dags/dag_netsuite_22to24.py
[2025-06-09T10:45:41.221+0000] {processor.py:830} INFO - Processing file /opt/airflow/dags/dag_netsuite_22to24.py for tasks to queue
[2025-06-09T10:45:41.223+0000] {logging_mixin.py:188} INFO - [2025-06-09T10:45:41.222+0000] {dagbag.py:545} INFO - Filling up the DagBag from /opt/airflow/dags/dag_netsuite_22to24.py
[2025-06-09T10:45:41.727+0000] {processor.py:840} INFO - DAG(s) 'NetSuite_22to24_Daily_ToWarehouse_F98' retrieved from /opt/airflow/dags/dag_netsuite_22to24.py
[2025-06-09T10:45:41.751+0000] {logging_mixin.py:188} INFO - [2025-06-09T10:45:41.750+0000] {dag.py:3096} INFO - Sync 1 DAGs
[2025-06-09T10:45:41.778+0000] {logging_mixin.py:188} INFO - [2025-06-09T10:45:41.778+0000] {dag.py:3954} INFO - Setting next_dagrun for NetSuite_22to24_Daily_ToWarehouse_F98 to 2025-06-07T22:00:00+00:00, run_after=2025-06-08T22:00:00+00:00
[2025-06-09T10:45:41.798+0000] {processor.py:183} INFO - Processing /opt/airflow/dags/dag_netsuite_22to24.py took 0.586 seconds
[2025-06-09T10:46:11.911+0000] {processor.py:161} INFO - Started process (PID=6298) to work on /opt/airflow/dags/dag_netsuite_22to24.py
[2025-06-09T10:46:11.912+0000] {processor.py:830} INFO - Processing file /opt/airflow/dags/dag_netsuite_22to24.py for tasks to queue
[2025-06-09T10:46:11.913+0000] {logging_mixin.py:188} INFO - [2025-06-09T10:46:11.912+0000] {dagbag.py:545} INFO - Filling up the DagBag from /opt/airflow/dags/dag_netsuite_22to24.py
[2025-06-09T10:46:12.802+0000] {processor.py:840} INFO - DAG(s) 'NetSuite_22to24_Daily_ToWarehouse_F98' retrieved from /opt/airflow/dags/dag_netsuite_22to24.py
[2025-06-09T10:46:12.837+0000] {logging_mixin.py:188} INFO - [2025-06-09T10:46:12.837+0000] {dag.py:3096} INFO - Sync 1 DAGs
[2025-06-09T10:46:12.864+0000] {logging_mixin.py:188} INFO - [2025-06-09T10:46:12.863+0000] {dag.py:3954} INFO - Setting next_dagrun for NetSuite_22to24_Daily_ToWarehouse_F98 to 2025-06-07T22:00:00+00:00, run_after=2025-06-08T22:00:00+00:00
[2025-06-09T10:46:12.887+0000] {processor.py:183} INFO - Processing /opt/airflow/dags/dag_netsuite_22to24.py took 0.983 seconds
[2025-06-09T10:46:43.064+0000] {processor.py:161} INFO - Started process (PID=6337) to work on /opt/airflow/dags/dag_netsuite_22to24.py
[2025-06-09T10:46:43.065+0000] {processor.py:830} INFO - Processing file /opt/airflow/dags/dag_netsuite_22to24.py for tasks to queue
[2025-06-09T10:46:43.067+0000] {logging_mixin.py:188} INFO - [2025-06-09T10:46:43.066+0000] {dagbag.py:545} INFO - Filling up the DagBag from /opt/airflow/dags/dag_netsuite_22to24.py
[2025-06-09T10:46:43.616+0000] {processor.py:840} INFO - DAG(s) 'NetSuite_22to24_Daily_ToWarehouse_F98' retrieved from /opt/airflow/dags/dag_netsuite_22to24.py
[2025-06-09T10:46:43.643+0000] {logging_mixin.py:188} INFO - [2025-06-09T10:46:43.643+0000] {dag.py:3096} INFO - Sync 1 DAGs
[2025-06-09T10:46:43.662+0000] {logging_mixin.py:188} INFO - [2025-06-09T10:46:43.662+0000] {dag.py:3954} INFO - Setting next_dagrun for NetSuite_22to24_Daily_ToWarehouse_F98 to 2025-06-07T22:00:00+00:00, run_after=2025-06-08T22:00:00+00:00
[2025-06-09T10:46:43.680+0000] {processor.py:183} INFO - Processing /opt/airflow/dags/dag_netsuite_22to24.py took 0.625 seconds
[2025-06-09T10:47:14.628+0000] {processor.py:161} INFO - Started process (PID=6376) to work on /opt/airflow/dags/dag_netsuite_22to24.py
[2025-06-09T10:47:14.633+0000] {processor.py:830} INFO - Processing file /opt/airflow/dags/dag_netsuite_22to24.py for tasks to queue
[2025-06-09T10:47:14.634+0000] {logging_mixin.py:188} INFO - [2025-06-09T10:47:14.633+0000] {dagbag.py:545} INFO - Filling up the DagBag from /opt/airflow/dags/dag_netsuite_22to24.py
[2025-06-09T10:47:15.286+0000] {processor.py:840} INFO - DAG(s) 'NetSuite_22to24_Daily_ToWarehouse_F98' retrieved from /opt/airflow/dags/dag_netsuite_22to24.py
[2025-06-09T10:47:15.312+0000] {logging_mixin.py:188} INFO - [2025-06-09T10:47:15.311+0000] {dag.py:3096} INFO - Sync 1 DAGs
[2025-06-09T10:47:15.335+0000] {logging_mixin.py:188} INFO - [2025-06-09T10:47:15.335+0000] {dag.py:3954} INFO - Setting next_dagrun for NetSuite_22to24_Daily_ToWarehouse_F98 to 2025-06-07T22:00:00+00:00, run_after=2025-06-08T22:00:00+00:00
[2025-06-09T10:47:15.353+0000] {processor.py:183} INFO - Processing /opt/airflow/dags/dag_netsuite_22to24.py took 0.741 seconds
[2025-06-09T10:47:45.707+0000] {processor.py:161} INFO - Started process (PID=6415) to work on /opt/airflow/dags/dag_netsuite_22to24.py
[2025-06-09T10:47:45.708+0000] {processor.py:830} INFO - Processing file /opt/airflow/dags/dag_netsuite_22to24.py for tasks to queue
[2025-06-09T10:47:45.709+0000] {logging_mixin.py:188} INFO - [2025-06-09T10:47:45.708+0000] {dagbag.py:545} INFO - Filling up the DagBag from /opt/airflow/dags/dag_netsuite_22to24.py
[2025-06-09T10:47:46.217+0000] {processor.py:840} INFO - DAG(s) 'NetSuite_22to24_Daily_ToWarehouse_F98' retrieved from /opt/airflow/dags/dag_netsuite_22to24.py
[2025-06-09T10:47:46.240+0000] {logging_mixin.py:188} INFO - [2025-06-09T10:47:46.239+0000] {dag.py:3096} INFO - Sync 1 DAGs
[2025-06-09T10:47:46.259+0000] {logging_mixin.py:188} INFO - [2025-06-09T10:47:46.259+0000] {dag.py:3954} INFO - Setting next_dagrun for NetSuite_22to24_Daily_ToWarehouse_F98 to 2025-06-07T22:00:00+00:00, run_after=2025-06-08T22:00:00+00:00
[2025-06-09T10:47:46.288+0000] {processor.py:183} INFO - Processing /opt/airflow/dags/dag_netsuite_22to24.py took 0.588 seconds
[2025-06-09T10:47:49.382+0000] {processor.py:161} INFO - Started process (PID=6420) to work on /opt/airflow/dags/dag_netsuite_22to24.py
[2025-06-09T10:47:49.383+0000] {processor.py:830} INFO - Processing file /opt/airflow/dags/dag_netsuite_22to24.py for tasks to queue
[2025-06-09T10:47:49.384+0000] {logging_mixin.py:188} INFO - [2025-06-09T10:47:49.383+0000] {dagbag.py:545} INFO - Filling up the DagBag from /opt/airflow/dags/dag_netsuite_22to24.py
[2025-06-09T10:47:50.140+0000] {processor.py:840} INFO - DAG(s) 'NetSuite_22to24_Daily_ToWarehouse_F98' retrieved from /opt/airflow/dags/dag_netsuite_22to24.py
[2025-06-09T10:47:50.166+0000] {logging_mixin.py:188} INFO - [2025-06-09T10:47:50.166+0000] {dag.py:3096} INFO - Sync 1 DAGs
[2025-06-09T10:47:50.187+0000] {logging_mixin.py:188} INFO - [2025-06-09T10:47:50.187+0000] {dag.py:3954} INFO - Setting next_dagrun for NetSuite_22to24_Daily_ToWarehouse_F98 to 2025-06-07T22:00:00+00:00, run_after=2025-06-08T22:00:00+00:00
[2025-06-09T10:47:50.210+0000] {processor.py:183} INFO - Processing /opt/airflow/dags/dag_netsuite_22to24.py took 0.836 seconds
[2025-06-09T10:48:20.321+0000] {processor.py:161} INFO - Started process (PID=6459) to work on /opt/airflow/dags/dag_netsuite_22to24.py
[2025-06-09T10:48:20.322+0000] {processor.py:830} INFO - Processing file /opt/airflow/dags/dag_netsuite_22to24.py for tasks to queue
[2025-06-09T10:48:20.324+0000] {logging_mixin.py:188} INFO - [2025-06-09T10:48:20.323+0000] {dagbag.py:545} INFO - Filling up the DagBag from /opt/airflow/dags/dag_netsuite_22to24.py
[2025-06-09T10:48:20.916+0000] {processor.py:840} INFO - DAG(s) 'NetSuite_22to24_Daily_ToWarehouse_F98' retrieved from /opt/airflow/dags/dag_netsuite_22to24.py
[2025-06-09T10:48:20.941+0000] {logging_mixin.py:188} INFO - [2025-06-09T10:48:20.941+0000] {dag.py:3096} INFO - Sync 1 DAGs
[2025-06-09T10:48:20.982+0000] {processor.py:183} INFO - Processing /opt/airflow/dags/dag_netsuite_22to24.py took 0.672 seconds
[2025-06-09T10:48:51.647+0000] {processor.py:161} INFO - Started process (PID=6498) to work on /opt/airflow/dags/dag_netsuite_22to24.py
[2025-06-09T10:48:51.649+0000] {processor.py:830} INFO - Processing file /opt/airflow/dags/dag_netsuite_22to24.py for tasks to queue
[2025-06-09T10:48:51.650+0000] {logging_mixin.py:188} INFO - [2025-06-09T10:48:51.649+0000] {dagbag.py:545} INFO - Filling up the DagBag from /opt/airflow/dags/dag_netsuite_22to24.py
[2025-06-09T10:48:52.195+0000] {processor.py:840} INFO - DAG(s) 'NetSuite_22to24_Daily_ToWarehouse_F98' retrieved from /opt/airflow/dags/dag_netsuite_22to24.py
[2025-06-09T10:48:52.218+0000] {logging_mixin.py:188} INFO - [2025-06-09T10:48:52.218+0000] {dag.py:3096} INFO - Sync 1 DAGs
[2025-06-09T10:48:52.251+0000] {processor.py:183} INFO - Processing /opt/airflow/dags/dag_netsuite_22to24.py took 0.612 seconds
[2025-06-09T10:49:22.968+0000] {processor.py:161} INFO - Started process (PID=6537) to work on /opt/airflow/dags/dag_netsuite_22to24.py
[2025-06-09T10:49:22.969+0000] {processor.py:830} INFO - Processing file /opt/airflow/dags/dag_netsuite_22to24.py for tasks to queue
[2025-06-09T10:49:22.970+0000] {logging_mixin.py:188} INFO - [2025-06-09T10:49:22.970+0000] {dagbag.py:545} INFO - Filling up the DagBag from /opt/airflow/dags/dag_netsuite_22to24.py
[2025-06-09T10:49:24.188+0000] {processor.py:840} INFO - DAG(s) 'NetSuite_22to24_Daily_ToWarehouse_F98' retrieved from /opt/airflow/dags/dag_netsuite_22to24.py
[2025-06-09T10:49:24.238+0000] {logging_mixin.py:188} INFO - [2025-06-09T10:49:24.238+0000] {dag.py:3096} INFO - Sync 1 DAGs
[2025-06-09T10:49:24.320+0000] {processor.py:183} INFO - Processing /opt/airflow/dags/dag_netsuite_22to24.py took 1.363 seconds
[2025-06-09T10:49:54.616+0000] {processor.py:161} INFO - Started process (PID=6576) to work on /opt/airflow/dags/dag_netsuite_22to24.py
[2025-06-09T10:49:54.617+0000] {processor.py:830} INFO - Processing file /opt/airflow/dags/dag_netsuite_22to24.py for tasks to queue
[2025-06-09T10:49:54.620+0000] {logging_mixin.py:188} INFO - [2025-06-09T10:49:54.618+0000] {dagbag.py:545} INFO - Filling up the DagBag from /opt/airflow/dags/dag_netsuite_22to24.py
[2025-06-09T10:49:55.783+0000] {processor.py:840} INFO - DAG(s) 'NetSuite_22to24_Daily_ToWarehouse_F98' retrieved from /opt/airflow/dags/dag_netsuite_22to24.py
[2025-06-09T10:49:55.810+0000] {logging_mixin.py:188} INFO - [2025-06-09T10:49:55.810+0000] {dag.py:3096} INFO - Sync 1 DAGs
[2025-06-09T10:49:55.886+0000] {processor.py:183} INFO - Processing /opt/airflow/dags/dag_netsuite_22to24.py took 1.293 seconds
[2025-06-09T10:50:26.523+0000] {processor.py:161} INFO - Started process (PID=6615) to work on /opt/airflow/dags/dag_netsuite_22to24.py
[2025-06-09T10:50:26.524+0000] {processor.py:830} INFO - Processing file /opt/airflow/dags/dag_netsuite_22to24.py for tasks to queue
[2025-06-09T10:50:26.525+0000] {logging_mixin.py:188} INFO - [2025-06-09T10:50:26.525+0000] {dagbag.py:545} INFO - Filling up the DagBag from /opt/airflow/dags/dag_netsuite_22to24.py
[2025-06-09T10:50:27.830+0000] {processor.py:840} INFO - DAG(s) 'NetSuite_22to24_Daily_ToWarehouse_F98' retrieved from /opt/airflow/dags/dag_netsuite_22to24.py
[2025-06-09T10:50:27.865+0000] {logging_mixin.py:188} INFO - [2025-06-09T10:50:27.865+0000] {dag.py:3096} INFO - Sync 1 DAGs
[2025-06-09T10:50:27.892+0000] {logging_mixin.py:188} INFO - [2025-06-09T10:50:27.892+0000] {dag.py:3954} INFO - Setting next_dagrun for NetSuite_22to24_Daily_ToWarehouse_F98 to 2025-06-08T22:00:00+00:00, run_after=2025-06-09T22:00:00+00:00
[2025-06-09T10:50:27.915+0000] {processor.py:183} INFO - Processing /opt/airflow/dags/dag_netsuite_22to24.py took 1.408 seconds
[2025-06-09T10:50:58.334+0000] {processor.py:161} INFO - Started process (PID=6654) to work on /opt/airflow/dags/dag_netsuite_22to24.py
[2025-06-09T10:50:58.336+0000] {processor.py:830} INFO - Processing file /opt/airflow/dags/dag_netsuite_22to24.py for tasks to queue
[2025-06-09T10:50:58.337+0000] {logging_mixin.py:188} INFO - [2025-06-09T10:50:58.336+0000] {dagbag.py:545} INFO - Filling up the DagBag from /opt/airflow/dags/dag_netsuite_22to24.py
[2025-06-09T10:50:58.911+0000] {processor.py:840} INFO - DAG(s) 'NetSuite_22to24_Daily_ToWarehouse_F98' retrieved from /opt/airflow/dags/dag_netsuite_22to24.py
[2025-06-09T10:50:58.937+0000] {logging_mixin.py:188} INFO - [2025-06-09T10:50:58.936+0000] {dag.py:3096} INFO - Sync 1 DAGs
[2025-06-09T10:50:58.957+0000] {logging_mixin.py:188} INFO - [2025-06-09T10:50:58.957+0000] {dag.py:3954} INFO - Setting next_dagrun for NetSuite_22to24_Daily_ToWarehouse_F98 to 2025-06-08T22:00:00+00:00, run_after=2025-06-09T22:00:00+00:00
[2025-06-09T10:50:58.977+0000] {processor.py:183} INFO - Processing /opt/airflow/dags/dag_netsuite_22to24.py took 0.651 seconds
[2025-06-09T10:51:29.623+0000] {processor.py:161} INFO - Started process (PID=6693) to work on /opt/airflow/dags/dag_netsuite_22to24.py
[2025-06-09T10:51:29.624+0000] {processor.py:830} INFO - Processing file /opt/airflow/dags/dag_netsuite_22to24.py for tasks to queue
[2025-06-09T10:51:29.625+0000] {logging_mixin.py:188} INFO - [2025-06-09T10:51:29.625+0000] {dagbag.py:545} INFO - Filling up the DagBag from /opt/airflow/dags/dag_netsuite_22to24.py
[2025-06-09T10:51:30.209+0000] {processor.py:840} INFO - DAG(s) 'NetSuite_22to24_Daily_ToWarehouse_F98' retrieved from /opt/airflow/dags/dag_netsuite_22to24.py
[2025-06-09T10:51:30.232+0000] {logging_mixin.py:188} INFO - [2025-06-09T10:51:30.232+0000] {dag.py:3096} INFO - Sync 1 DAGs
[2025-06-09T10:51:30.250+0000] {logging_mixin.py:188} INFO - [2025-06-09T10:51:30.250+0000] {dag.py:3954} INFO - Setting next_dagrun for NetSuite_22to24_Daily_ToWarehouse_F98 to 2025-06-08T22:00:00+00:00, run_after=2025-06-09T22:00:00+00:00
[2025-06-09T10:51:30.266+0000] {processor.py:183} INFO - Processing /opt/airflow/dags/dag_netsuite_22to24.py took 0.650 seconds
[2025-06-09T10:52:00.554+0000] {processor.py:161} INFO - Started process (PID=6732) to work on /opt/airflow/dags/dag_netsuite_22to24.py
[2025-06-09T10:52:00.555+0000] {processor.py:830} INFO - Processing file /opt/airflow/dags/dag_netsuite_22to24.py for tasks to queue
[2025-06-09T10:52:00.556+0000] {logging_mixin.py:188} INFO - [2025-06-09T10:52:00.556+0000] {dagbag.py:545} INFO - Filling up the DagBag from /opt/airflow/dags/dag_netsuite_22to24.py
[2025-06-09T10:52:01.021+0000] {processor.py:840} INFO - DAG(s) 'NetSuite_22to24_Daily_ToWarehouse_F98' retrieved from /opt/airflow/dags/dag_netsuite_22to24.py
[2025-06-09T10:52:01.043+0000] {logging_mixin.py:188} INFO - [2025-06-09T10:52:01.042+0000] {dag.py:3096} INFO - Sync 1 DAGs
[2025-06-09T10:52:01.062+0000] {logging_mixin.py:188} INFO - [2025-06-09T10:52:01.062+0000] {dag.py:3954} INFO - Setting next_dagrun for NetSuite_22to24_Daily_ToWarehouse_F98 to 2025-06-08T22:00:00+00:00, run_after=2025-06-09T22:00:00+00:00
[2025-06-09T10:52:01.079+0000] {processor.py:183} INFO - Processing /opt/airflow/dags/dag_netsuite_22to24.py took 0.532 seconds
[2025-06-09T10:52:31.416+0000] {processor.py:161} INFO - Started process (PID=6771) to work on /opt/airflow/dags/dag_netsuite_22to24.py
[2025-06-09T10:52:31.417+0000] {processor.py:830} INFO - Processing file /opt/airflow/dags/dag_netsuite_22to24.py for tasks to queue
[2025-06-09T10:52:31.418+0000] {logging_mixin.py:188} INFO - [2025-06-09T10:52:31.418+0000] {dagbag.py:545} INFO - Filling up the DagBag from /opt/airflow/dags/dag_netsuite_22to24.py
[2025-06-09T10:52:31.926+0000] {processor.py:840} INFO - DAG(s) 'NetSuite_22to24_Daily_ToWarehouse_F98' retrieved from /opt/airflow/dags/dag_netsuite_22to24.py
[2025-06-09T10:52:31.948+0000] {logging_mixin.py:188} INFO - [2025-06-09T10:52:31.948+0000] {dag.py:3096} INFO - Sync 1 DAGs
[2025-06-09T10:52:31.966+0000] {logging_mixin.py:188} INFO - [2025-06-09T10:52:31.966+0000] {dag.py:3954} INFO - Setting next_dagrun for NetSuite_22to24_Daily_ToWarehouse_F98 to 2025-06-08T22:00:00+00:00, run_after=2025-06-09T22:00:00+00:00
[2025-06-09T10:52:31.984+0000] {processor.py:183} INFO - Processing /opt/airflow/dags/dag_netsuite_22to24.py took 0.575 seconds
[2025-06-09T10:53:02.427+0000] {processor.py:161} INFO - Started process (PID=6810) to work on /opt/airflow/dags/dag_netsuite_22to24.py
[2025-06-09T10:53:02.428+0000] {processor.py:830} INFO - Processing file /opt/airflow/dags/dag_netsuite_22to24.py for tasks to queue
[2025-06-09T10:53:02.429+0000] {logging_mixin.py:188} INFO - [2025-06-09T10:53:02.429+0000] {dagbag.py:545} INFO - Filling up the DagBag from /opt/airflow/dags/dag_netsuite_22to24.py
[2025-06-09T10:53:02.889+0000] {processor.py:840} INFO - DAG(s) 'NetSuite_22to24_Daily_ToWarehouse_F98' retrieved from /opt/airflow/dags/dag_netsuite_22to24.py
[2025-06-09T10:53:02.910+0000] {logging_mixin.py:188} INFO - [2025-06-09T10:53:02.909+0000] {dag.py:3096} INFO - Sync 1 DAGs
[2025-06-09T10:53:02.928+0000] {logging_mixin.py:188} INFO - [2025-06-09T10:53:02.928+0000] {dag.py:3954} INFO - Setting next_dagrun for NetSuite_22to24_Daily_ToWarehouse_F98 to 2025-06-08T22:00:00+00:00, run_after=2025-06-09T22:00:00+00:00
[2025-06-09T10:53:02.945+0000] {processor.py:183} INFO - Processing /opt/airflow/dags/dag_netsuite_22to24.py took 0.525 seconds
[2025-06-09T10:53:33.408+0000] {processor.py:161} INFO - Started process (PID=6849) to work on /opt/airflow/dags/dag_netsuite_22to24.py
[2025-06-09T10:53:33.409+0000] {processor.py:830} INFO - Processing file /opt/airflow/dags/dag_netsuite_22to24.py for tasks to queue
[2025-06-09T10:53:33.410+0000] {logging_mixin.py:188} INFO - [2025-06-09T10:53:33.410+0000] {dagbag.py:545} INFO - Filling up the DagBag from /opt/airflow/dags/dag_netsuite_22to24.py
[2025-06-09T10:53:33.871+0000] {processor.py:840} INFO - DAG(s) 'NetSuite_22to24_Daily_ToWarehouse_F98' retrieved from /opt/airflow/dags/dag_netsuite_22to24.py
[2025-06-09T10:53:33.893+0000] {logging_mixin.py:188} INFO - [2025-06-09T10:53:33.893+0000] {dag.py:3096} INFO - Sync 1 DAGs
[2025-06-09T10:53:33.912+0000] {logging_mixin.py:188} INFO - [2025-06-09T10:53:33.912+0000] {dag.py:3954} INFO - Setting next_dagrun for NetSuite_22to24_Daily_ToWarehouse_F98 to 2025-06-08T22:00:00+00:00, run_after=2025-06-09T22:00:00+00:00
[2025-06-09T10:53:33.930+0000] {processor.py:183} INFO - Processing /opt/airflow/dags/dag_netsuite_22to24.py took 0.528 seconds
[2025-06-09T10:54:04.340+0000] {processor.py:161} INFO - Started process (PID=6888) to work on /opt/airflow/dags/dag_netsuite_22to24.py
[2025-06-09T10:54:04.341+0000] {processor.py:830} INFO - Processing file /opt/airflow/dags/dag_netsuite_22to24.py for tasks to queue
[2025-06-09T10:54:04.342+0000] {logging_mixin.py:188} INFO - [2025-06-09T10:54:04.341+0000] {dagbag.py:545} INFO - Filling up the DagBag from /opt/airflow/dags/dag_netsuite_22to24.py
[2025-06-09T10:54:04.819+0000] {processor.py:840} INFO - DAG(s) 'NetSuite_22to24_Daily_ToWarehouse_F98' retrieved from /opt/airflow/dags/dag_netsuite_22to24.py
[2025-06-09T10:54:04.841+0000] {logging_mixin.py:188} INFO - [2025-06-09T10:54:04.841+0000] {dag.py:3096} INFO - Sync 1 DAGs
[2025-06-09T10:54:04.859+0000] {logging_mixin.py:188} INFO - [2025-06-09T10:54:04.859+0000] {dag.py:3954} INFO - Setting next_dagrun for NetSuite_22to24_Daily_ToWarehouse_F98 to 2025-06-08T22:00:00+00:00, run_after=2025-06-09T22:00:00+00:00
[2025-06-09T10:54:04.877+0000] {processor.py:183} INFO - Processing /opt/airflow/dags/dag_netsuite_22to24.py took 0.544 seconds
[2025-06-09T10:54:35.268+0000] {processor.py:161} INFO - Started process (PID=6927) to work on /opt/airflow/dags/dag_netsuite_22to24.py
[2025-06-09T10:54:35.269+0000] {processor.py:830} INFO - Processing file /opt/airflow/dags/dag_netsuite_22to24.py for tasks to queue
[2025-06-09T10:54:35.270+0000] {logging_mixin.py:188} INFO - [2025-06-09T10:54:35.270+0000] {dagbag.py:545} INFO - Filling up the DagBag from /opt/airflow/dags/dag_netsuite_22to24.py
[2025-06-09T10:54:35.721+0000] {processor.py:840} INFO - DAG(s) 'NetSuite_22to24_Daily_ToWarehouse_F98' retrieved from /opt/airflow/dags/dag_netsuite_22to24.py
[2025-06-09T10:54:35.743+0000] {logging_mixin.py:188} INFO - [2025-06-09T10:54:35.742+0000] {dag.py:3096} INFO - Sync 1 DAGs
[2025-06-09T10:54:35.760+0000] {logging_mixin.py:188} INFO - [2025-06-09T10:54:35.760+0000] {dag.py:3954} INFO - Setting next_dagrun for NetSuite_22to24_Daily_ToWarehouse_F98 to 2025-06-08T22:00:00+00:00, run_after=2025-06-09T22:00:00+00:00
[2025-06-09T10:54:35.777+0000] {processor.py:183} INFO - Processing /opt/airflow/dags/dag_netsuite_22to24.py took 0.516 seconds
[2025-06-09T10:55:05.908+0000] {processor.py:161} INFO - Started process (PID=6966) to work on /opt/airflow/dags/dag_netsuite_22to24.py
[2025-06-09T10:55:05.909+0000] {processor.py:830} INFO - Processing file /opt/airflow/dags/dag_netsuite_22to24.py for tasks to queue
[2025-06-09T10:55:05.910+0000] {logging_mixin.py:188} INFO - [2025-06-09T10:55:05.910+0000] {dagbag.py:545} INFO - Filling up the DagBag from /opt/airflow/dags/dag_netsuite_22to24.py
[2025-06-09T10:55:06.382+0000] {processor.py:840} INFO - DAG(s) 'NetSuite_22to24_Daily_ToWarehouse_F98' retrieved from /opt/airflow/dags/dag_netsuite_22to24.py
[2025-06-09T10:55:06.404+0000] {logging_mixin.py:188} INFO - [2025-06-09T10:55:06.403+0000] {dag.py:3096} INFO - Sync 1 DAGs
[2025-06-09T10:55:06.422+0000] {logging_mixin.py:188} INFO - [2025-06-09T10:55:06.422+0000] {dag.py:3954} INFO - Setting next_dagrun for NetSuite_22to24_Daily_ToWarehouse_F98 to 2025-06-08T22:00:00+00:00, run_after=2025-06-09T22:00:00+00:00
[2025-06-09T10:55:06.439+0000] {processor.py:183} INFO - Processing /opt/airflow/dags/dag_netsuite_22to24.py took 0.538 seconds
[2025-06-09T10:55:36.808+0000] {processor.py:161} INFO - Started process (PID=7005) to work on /opt/airflow/dags/dag_netsuite_22to24.py
[2025-06-09T10:55:36.809+0000] {processor.py:830} INFO - Processing file /opt/airflow/dags/dag_netsuite_22to24.py for tasks to queue
[2025-06-09T10:55:36.810+0000] {logging_mixin.py:188} INFO - [2025-06-09T10:55:36.810+0000] {dagbag.py:545} INFO - Filling up the DagBag from /opt/airflow/dags/dag_netsuite_22to24.py
[2025-06-09T10:55:37.255+0000] {processor.py:840} INFO - DAG(s) 'NetSuite_22to24_Daily_ToWarehouse_F98' retrieved from /opt/airflow/dags/dag_netsuite_22to24.py
[2025-06-09T10:55:37.276+0000] {logging_mixin.py:188} INFO - [2025-06-09T10:55:37.276+0000] {dag.py:3096} INFO - Sync 1 DAGs
[2025-06-09T10:55:37.295+0000] {logging_mixin.py:188} INFO - [2025-06-09T10:55:37.294+0000] {dag.py:3954} INFO - Setting next_dagrun for NetSuite_22to24_Daily_ToWarehouse_F98 to 2025-06-08T22:00:00+00:00, run_after=2025-06-09T22:00:00+00:00
[2025-06-09T10:55:37.315+0000] {processor.py:183} INFO - Processing /opt/airflow/dags/dag_netsuite_22to24.py took 0.514 seconds
[2025-06-09T10:56:08.190+0000] {processor.py:161} INFO - Started process (PID=7044) to work on /opt/airflow/dags/dag_netsuite_22to24.py
[2025-06-09T10:56:08.191+0000] {processor.py:830} INFO - Processing file /opt/airflow/dags/dag_netsuite_22to24.py for tasks to queue
[2025-06-09T10:56:08.192+0000] {logging_mixin.py:188} INFO - [2025-06-09T10:56:08.191+0000] {dagbag.py:545} INFO - Filling up the DagBag from /opt/airflow/dags/dag_netsuite_22to24.py
[2025-06-09T10:56:08.642+0000] {processor.py:840} INFO - DAG(s) 'NetSuite_22to24_Daily_ToWarehouse_F98' retrieved from /opt/airflow/dags/dag_netsuite_22to24.py
[2025-06-09T10:56:08.664+0000] {logging_mixin.py:188} INFO - [2025-06-09T10:56:08.664+0000] {dag.py:3096} INFO - Sync 1 DAGs
[2025-06-09T10:56:08.682+0000] {logging_mixin.py:188} INFO - [2025-06-09T10:56:08.682+0000] {dag.py:3954} INFO - Setting next_dagrun for NetSuite_22to24_Daily_ToWarehouse_F98 to 2025-06-08T22:00:00+00:00, run_after=2025-06-09T22:00:00+00:00
[2025-06-09T10:56:08.700+0000] {processor.py:183} INFO - Processing /opt/airflow/dags/dag_netsuite_22to24.py took 0.517 seconds
[2025-06-09T10:56:39.039+0000] {processor.py:161} INFO - Started process (PID=7083) to work on /opt/airflow/dags/dag_netsuite_22to24.py
[2025-06-09T10:56:39.040+0000] {processor.py:830} INFO - Processing file /opt/airflow/dags/dag_netsuite_22to24.py for tasks to queue
[2025-06-09T10:56:39.041+0000] {logging_mixin.py:188} INFO - [2025-06-09T10:56:39.041+0000] {dagbag.py:545} INFO - Filling up the DagBag from /opt/airflow/dags/dag_netsuite_22to24.py
[2025-06-09T10:56:39.509+0000] {processor.py:840} INFO - DAG(s) 'NetSuite_22to24_Daily_ToWarehouse_F98' retrieved from /opt/airflow/dags/dag_netsuite_22to24.py
[2025-06-09T10:56:39.530+0000] {logging_mixin.py:188} INFO - [2025-06-09T10:56:39.530+0000] {dag.py:3096} INFO - Sync 1 DAGs
[2025-06-09T10:56:39.550+0000] {logging_mixin.py:188} INFO - [2025-06-09T10:56:39.550+0000] {dag.py:3954} INFO - Setting next_dagrun for NetSuite_22to24_Daily_ToWarehouse_F98 to 2025-06-08T22:00:00+00:00, run_after=2025-06-09T22:00:00+00:00
[2025-06-09T10:56:39.567+0000] {processor.py:183} INFO - Processing /opt/airflow/dags/dag_netsuite_22to24.py took 0.535 seconds
[2025-06-09T10:57:10.364+0000] {processor.py:161} INFO - Started process (PID=7123) to work on /opt/airflow/dags/dag_netsuite_22to24.py
[2025-06-09T10:57:10.367+0000] {processor.py:830} INFO - Processing file /opt/airflow/dags/dag_netsuite_22to24.py for tasks to queue
[2025-06-09T10:57:10.369+0000] {logging_mixin.py:188} INFO - [2025-06-09T10:57:10.369+0000] {dagbag.py:545} INFO - Filling up the DagBag from /opt/airflow/dags/dag_netsuite_22to24.py
[2025-06-09T10:57:11.118+0000] {processor.py:840} INFO - DAG(s) 'NetSuite_22to24_Daily_ToWarehouse_F98' retrieved from /opt/airflow/dags/dag_netsuite_22to24.py
[2025-06-09T10:57:11.142+0000] {logging_mixin.py:188} INFO - [2025-06-09T10:57:11.141+0000] {dag.py:3096} INFO - Sync 1 DAGs
[2025-06-09T10:57:11.161+0000] {logging_mixin.py:188} INFO - [2025-06-09T10:57:11.161+0000] {dag.py:3954} INFO - Setting next_dagrun for NetSuite_22to24_Daily_ToWarehouse_F98 to 2025-06-08T22:00:00+00:00, run_after=2025-06-09T22:00:00+00:00
[2025-06-09T10:57:11.189+0000] {processor.py:183} INFO - Processing /opt/airflow/dags/dag_netsuite_22to24.py took 0.832 seconds
[2025-06-09T10:57:41.427+0000] {processor.py:161} INFO - Started process (PID=7162) to work on /opt/airflow/dags/dag_netsuite_22to24.py
[2025-06-09T10:57:41.428+0000] {processor.py:830} INFO - Processing file /opt/airflow/dags/dag_netsuite_22to24.py for tasks to queue
[2025-06-09T10:57:41.430+0000] {logging_mixin.py:188} INFO - [2025-06-09T10:57:41.429+0000] {dagbag.py:545} INFO - Filling up the DagBag from /opt/airflow/dags/dag_netsuite_22to24.py
[2025-06-09T10:57:42.040+0000] {processor.py:840} INFO - DAG(s) 'NetSuite_22to24_Daily_ToWarehouse_F98' retrieved from /opt/airflow/dags/dag_netsuite_22to24.py
[2025-06-09T10:57:42.077+0000] {logging_mixin.py:188} INFO - [2025-06-09T10:57:42.077+0000] {dag.py:3096} INFO - Sync 1 DAGs
[2025-06-09T10:57:42.128+0000] {logging_mixin.py:188} INFO - [2025-06-09T10:57:42.128+0000] {dag.py:3954} INFO - Setting next_dagrun for NetSuite_22to24_Daily_ToWarehouse_F98 to 2025-06-08T22:00:00+00:00, run_after=2025-06-09T22:00:00+00:00
[2025-06-09T10:57:42.210+0000] {processor.py:183} INFO - Processing /opt/airflow/dags/dag_netsuite_22to24.py took 0.790 seconds
[2025-06-09T10:58:12.546+0000] {processor.py:161} INFO - Started process (PID=7201) to work on /opt/airflow/dags/dag_netsuite_22to24.py
[2025-06-09T10:58:12.547+0000] {processor.py:830} INFO - Processing file /opt/airflow/dags/dag_netsuite_22to24.py for tasks to queue
[2025-06-09T10:58:12.548+0000] {logging_mixin.py:188} INFO - [2025-06-09T10:58:12.548+0000] {dagbag.py:545} INFO - Filling up the DagBag from /opt/airflow/dags/dag_netsuite_22to24.py
[2025-06-09T10:58:13.260+0000] {processor.py:840} INFO - DAG(s) 'NetSuite_22to24_Daily_ToWarehouse_F98' retrieved from /opt/airflow/dags/dag_netsuite_22to24.py
[2025-06-09T10:58:13.283+0000] {logging_mixin.py:188} INFO - [2025-06-09T10:58:13.282+0000] {dag.py:3096} INFO - Sync 1 DAGs
[2025-06-09T10:58:13.303+0000] {logging_mixin.py:188} INFO - [2025-06-09T10:58:13.303+0000] {dag.py:3954} INFO - Setting next_dagrun for NetSuite_22to24_Daily_ToWarehouse_F98 to 2025-06-08T22:00:00+00:00, run_after=2025-06-09T22:00:00+00:00
[2025-06-09T10:58:13.325+0000] {processor.py:183} INFO - Processing /opt/airflow/dags/dag_netsuite_22to24.py took 0.786 seconds
[2025-06-09T10:58:43.540+0000] {processor.py:161} INFO - Started process (PID=7240) to work on /opt/airflow/dags/dag_netsuite_22to24.py
[2025-06-09T10:58:43.541+0000] {processor.py:830} INFO - Processing file /opt/airflow/dags/dag_netsuite_22to24.py for tasks to queue
[2025-06-09T10:58:43.542+0000] {logging_mixin.py:188} INFO - [2025-06-09T10:58:43.542+0000] {dagbag.py:545} INFO - Filling up the DagBag from /opt/airflow/dags/dag_netsuite_22to24.py
[2025-06-09T10:58:44.152+0000] {processor.py:840} INFO - DAG(s) 'NetSuite_22to24_Daily_ToWarehouse_F98' retrieved from /opt/airflow/dags/dag_netsuite_22to24.py
[2025-06-09T10:58:44.179+0000] {logging_mixin.py:188} INFO - [2025-06-09T10:58:44.178+0000] {dag.py:3096} INFO - Sync 1 DAGs
[2025-06-09T10:58:44.200+0000] {logging_mixin.py:188} INFO - [2025-06-09T10:58:44.200+0000] {dag.py:3954} INFO - Setting next_dagrun for NetSuite_22to24_Daily_ToWarehouse_F98 to 2025-06-08T22:00:00+00:00, run_after=2025-06-09T22:00:00+00:00
[2025-06-09T10:58:44.226+0000] {processor.py:183} INFO - Processing /opt/airflow/dags/dag_netsuite_22to24.py took 0.693 seconds
[2025-06-09T10:59:22.785+0000] {processor.py:161} INFO - Started process (PID=7279) to work on /opt/airflow/dags/dag_netsuite_22to24.py
[2025-06-09T10:59:22.786+0000] {processor.py:830} INFO - Processing file /opt/airflow/dags/dag_netsuite_22to24.py for tasks to queue
[2025-06-09T10:59:22.787+0000] {logging_mixin.py:188} INFO - [2025-06-09T10:59:22.787+0000] {dagbag.py:545} INFO - Filling up the DagBag from /opt/airflow/dags/dag_netsuite_22to24.py
[2025-06-09T10:59:24.270+0000] {processor.py:840} INFO - DAG(s) 'NetSuite_22to24_Daily_ToWarehouse_F98' retrieved from /opt/airflow/dags/dag_netsuite_22to24.py
[2025-06-09T10:59:24.511+0000] {logging_mixin.py:188} INFO - [2025-06-09T10:59:24.501+0000] {dag.py:3096} INFO - Sync 1 DAGs
[2025-06-09T10:59:24.572+0000] {logging_mixin.py:188} INFO - [2025-06-09T10:59:24.572+0000] {dag.py:3954} INFO - Setting next_dagrun for NetSuite_22to24_Daily_ToWarehouse_F98 to 2025-06-08T22:00:00+00:00, run_after=2025-06-09T22:00:00+00:00
[2025-06-09T10:59:24.593+0000] {processor.py:183} INFO - Processing /opt/airflow/dags/dag_netsuite_22to24.py took 1.816 seconds
[2025-06-09T10:59:54.930+0000] {processor.py:161} INFO - Started process (PID=7318) to work on /opt/airflow/dags/dag_netsuite_22to24.py
[2025-06-09T10:59:54.933+0000] {processor.py:830} INFO - Processing file /opt/airflow/dags/dag_netsuite_22to24.py for tasks to queue
[2025-06-09T10:59:54.934+0000] {logging_mixin.py:188} INFO - [2025-06-09T10:59:54.934+0000] {dagbag.py:545} INFO - Filling up the DagBag from /opt/airflow/dags/dag_netsuite_22to24.py
[2025-06-09T10:59:56.081+0000] {processor.py:840} INFO - DAG(s) 'NetSuite_22to24_Daily_ToWarehouse_F98' retrieved from /opt/airflow/dags/dag_netsuite_22to24.py
[2025-06-09T10:59:56.106+0000] {logging_mixin.py:188} INFO - [2025-06-09T10:59:56.106+0000] {dag.py:3096} INFO - Sync 1 DAGs
[2025-06-09T10:59:56.137+0000] {logging_mixin.py:188} INFO - [2025-06-09T10:59:56.137+0000] {dag.py:3954} INFO - Setting next_dagrun for NetSuite_22to24_Daily_ToWarehouse_F98 to 2025-06-08T22:00:00+00:00, run_after=2025-06-09T22:00:00+00:00
[2025-06-09T10:59:56.157+0000] {processor.py:183} INFO - Processing /opt/airflow/dags/dag_netsuite_22to24.py took 1.234 seconds
[2025-06-09T11:00:27.003+0000] {processor.py:161} INFO - Started process (PID=7357) to work on /opt/airflow/dags/dag_netsuite_22to24.py
[2025-06-09T11:00:27.004+0000] {processor.py:830} INFO - Processing file /opt/airflow/dags/dag_netsuite_22to24.py for tasks to queue
[2025-06-09T11:00:27.005+0000] {logging_mixin.py:188} INFO - [2025-06-09T11:00:27.004+0000] {dagbag.py:545} INFO - Filling up the DagBag from /opt/airflow/dags/dag_netsuite_22to24.py
[2025-06-09T11:00:27.607+0000] {processor.py:840} INFO - DAG(s) 'NetSuite_22to24_Daily_ToWarehouse_F98' retrieved from /opt/airflow/dags/dag_netsuite_22to24.py
[2025-06-09T11:00:27.633+0000] {logging_mixin.py:188} INFO - [2025-06-09T11:00:27.632+0000] {dag.py:3096} INFO - Sync 1 DAGs
[2025-06-09T11:00:27.661+0000] {logging_mixin.py:188} INFO - [2025-06-09T11:00:27.660+0000] {dag.py:3954} INFO - Setting next_dagrun for NetSuite_22to24_Daily_ToWarehouse_F98 to 2025-06-08T22:00:00+00:00, run_after=2025-06-09T22:00:00+00:00
[2025-06-09T11:00:27.683+0000] {processor.py:183} INFO - Processing /opt/airflow/dags/dag_netsuite_22to24.py took 0.690 seconds
[2025-06-09T11:00:58.656+0000] {processor.py:161} INFO - Started process (PID=7396) to work on /opt/airflow/dags/dag_netsuite_22to24.py
[2025-06-09T11:00:58.657+0000] {processor.py:830} INFO - Processing file /opt/airflow/dags/dag_netsuite_22to24.py for tasks to queue
[2025-06-09T11:00:58.658+0000] {logging_mixin.py:188} INFO - [2025-06-09T11:00:58.658+0000] {dagbag.py:545} INFO - Filling up the DagBag from /opt/airflow/dags/dag_netsuite_22to24.py
[2025-06-09T11:00:59.137+0000] {processor.py:840} INFO - DAG(s) 'NetSuite_22to24_Daily_ToWarehouse_F98' retrieved from /opt/airflow/dags/dag_netsuite_22to24.py
[2025-06-09T11:00:59.161+0000] {logging_mixin.py:188} INFO - [2025-06-09T11:00:59.161+0000] {dag.py:3096} INFO - Sync 1 DAGs
[2025-06-09T11:00:59.187+0000] {logging_mixin.py:188} INFO - [2025-06-09T11:00:59.187+0000] {dag.py:3954} INFO - Setting next_dagrun for NetSuite_22to24_Daily_ToWarehouse_F98 to 2025-06-08T22:00:00+00:00, run_after=2025-06-09T22:00:00+00:00
[2025-06-09T11:00:59.206+0000] {processor.py:183} INFO - Processing /opt/airflow/dags/dag_netsuite_22to24.py took 0.556 seconds
[2025-06-09T11:01:29.395+0000] {processor.py:161} INFO - Started process (PID=7435) to work on /opt/airflow/dags/dag_netsuite_22to24.py
[2025-06-09T11:01:29.396+0000] {processor.py:830} INFO - Processing file /opt/airflow/dags/dag_netsuite_22to24.py for tasks to queue
[2025-06-09T11:01:29.397+0000] {logging_mixin.py:188} INFO - [2025-06-09T11:01:29.397+0000] {dagbag.py:545} INFO - Filling up the DagBag from /opt/airflow/dags/dag_netsuite_22to24.py
[2025-06-09T11:01:30.786+0000] {processor.py:840} INFO - DAG(s) 'NetSuite_22to24_Daily_ToWarehouse_F98' retrieved from /opt/airflow/dags/dag_netsuite_22to24.py
[2025-06-09T11:01:30.812+0000] {logging_mixin.py:188} INFO - [2025-06-09T11:01:30.812+0000] {dag.py:3096} INFO - Sync 1 DAGs
[2025-06-09T11:01:30.840+0000] {logging_mixin.py:188} INFO - [2025-06-09T11:01:30.839+0000] {dag.py:3954} INFO - Setting next_dagrun for NetSuite_22to24_Daily_ToWarehouse_F98 to 2025-06-08T22:00:00+00:00, run_after=2025-06-09T22:00:00+00:00
[2025-06-09T11:01:30.877+0000] {processor.py:183} INFO - Processing /opt/airflow/dags/dag_netsuite_22to24.py took 1.490 seconds
