[2025-06-09T07:31:23.191+0000] {local_task_job_runner.py:120} INFO - ::group::Pre task execution logs
[2025-06-09T07:31:23.219+0000] {taskinstance.py:2076} INFO - Dependencies all met for dep_context=non-requeueable deps ti=<TaskInstance: netsuite_saved_search_4532_memory.extract_from_netsuite scheduled__2025-06-08T00:00:00+00:00 [queued]>
[2025-06-09T07:31:23.228+0000] {taskinstance.py:2076} INFO - Dependencies all met for dep_context=requeueable deps ti=<TaskInstance: netsuite_saved_search_4532_memory.extract_from_netsuite scheduled__2025-06-08T00:00:00+00:00 [queued]>
[2025-06-09T07:31:23.228+0000] {taskinstance.py:2306} INFO - Starting attempt 1 of 2
[2025-06-09T07:31:23.242+0000] {taskinstance.py:2330} INFO - Executing <Task(PythonOperator): extract_from_netsuite> on 2025-06-08 00:00:00+00:00
[2025-06-09T07:31:23.248+0000] {standard_task_runner.py:63} INFO - Started process 35 to run task
[2025-06-09T07:31:23.250+0000] {standard_task_runner.py:90} INFO - Running: ['***', 'tasks', 'run', 'netsuite_saved_search_4532_memory', 'extract_from_netsuite', 'scheduled__2025-06-08T00:00:00+00:00', '--job-id', '360', '--raw', '--subdir', 'DAGS_FOLDER/netsuite_4532_dag.py', '--cfg-path', '/tmp/tmpzhbyntfl']
[2025-06-09T07:31:23.253+0000] {standard_task_runner.py:91} INFO - Job 360: Subtask extract_from_netsuite
[2025-06-09T07:31:23.314+0000] {task_command.py:426} INFO - Running <TaskInstance: netsuite_saved_search_4532_memory.extract_from_netsuite scheduled__2025-06-08T00:00:00+00:00 [running]> on host 5885a648a6f1
[2025-06-09T07:31:23.427+0000] {taskinstance.py:2648} INFO - Exporting env vars: AIRFLOW_CTX_DAG_OWNER='***' AIRFLOW_CTX_DAG_ID='netsuite_saved_search_4532_memory' AIRFLOW_CTX_TASK_ID='extract_from_netsuite' AIRFLOW_CTX_EXECUTION_DATE='2025-06-08T00:00:00+00:00' AIRFLOW_CTX_TRY_NUMBER='1' AIRFLOW_CTX_DAG_RUN_ID='scheduled__2025-06-08T00:00:00+00:00'
[2025-06-09T07:31:23.428+0000] {taskinstance.py:430} INFO - ::endgroup::
[2025-06-09T07:31:25.194+0000] {taskinstance.py:441} INFO - ::group::Post task execution logs
[2025-06-09T07:31:25.195+0000] {taskinstance.py:2905} ERROR - Task failed with exception
Traceback (most recent call last):
  File "/usr/local/lib/python3.11/site-packages/airflow/models/taskinstance.py", line 465, in _execute_task
    result = _execute_callable(context=context, **execute_callable_kwargs)
             ^^^^^^^^^^^^^^^^^^^^^^^^^^^^^^^^^^^^^^^^^^^^^^^^^^^^^^^^^^^^^
  File "/usr/local/lib/python3.11/site-packages/airflow/models/taskinstance.py", line 432, in _execute_callable
    return execute_callable(context=context, **execute_callable_kwargs)
           ^^^^^^^^^^^^^^^^^^^^^^^^^^^^^^^^^^^^^^^^^^^^^^^^^^^^^^^^^^^^
  File "/usr/local/lib/python3.11/site-packages/airflow/models/baseoperator.py", line 400, in wrapper
    return func(self, *args, **kwargs)
           ^^^^^^^^^^^^^^^^^^^^^^^^^^^
  File "/usr/local/lib/python3.11/site-packages/airflow/operators/python.py", line 235, in execute
    return_value = self.execute_callable()
                   ^^^^^^^^^^^^^^^^^^^^^^^
  File "/usr/local/lib/python3.11/site-packages/airflow/operators/python.py", line 252, in execute_callable
    return self.python_callable(*self.op_args, **self.op_kwargs)
           ^^^^^^^^^^^^^^^^^^^^^^^^^^^^^^^^^^^^^^^^^^^^^^^^^^^^^
  File "/opt/airflow/dags/netsuite_4532_dag.py", line 51, in extract_from_netsuite
    raise Exception("❌ Đăng nhập NetSuite thất bại hoặc trả về HTML")
Exception: ❌ Đăng nhập NetSuite thất bại hoặc trả về HTML
[2025-06-09T07:31:25.217+0000] {taskinstance.py:1206} INFO - Marking task as UP_FOR_RETRY. dag_id=netsuite_saved_search_4532_memory, task_id=extract_from_netsuite, run_id=scheduled__2025-06-08T00:00:00+00:00, execution_date=20250608T000000, start_date=20250609T073123, end_date=20250609T073125
[2025-06-09T07:31:25.235+0000] {standard_task_runner.py:110} ERROR - Failed to execute job 360 for task extract_from_netsuite (❌ Đăng nhập NetSuite thất bại hoặc trả về HTML; 35)
[2025-06-09T07:31:25.273+0000] {local_task_job_runner.py:240} INFO - Task exited with return code 1
[2025-06-09T07:31:25.296+0000] {taskinstance.py:3498} INFO - 0 downstream tasks scheduled from follow-on schedule check
[2025-06-09T07:31:25.299+0000] {local_task_job_runner.py:222} INFO - ::endgroup::
